TN:
SF:src/framework/DebrosFramework.ts
FN:128,(anonymous_0)
FN:169,(anonymous_1)
FN:222,(anonymous_2)
FN:262,(anonymous_3)
FN:300,(anonymous_4)
FN:346,(anonymous_5)
FN:361,(anonymous_6)
FN:365,(anonymous_7)
FN:371,(anonymous_8)
FN:380,(anonymous_9)
FN:395,(anonymous_10)
FN:416,(anonymous_11)
FN:424,(anonymous_12)
FN:429,(anonymous_13)
FN:438,(anonymous_14)
FN:446,(anonymous_15)
FN:455,(anonymous_16)
FN:465,(anonymous_17)
FN:473,(anonymous_18)
FN:482,(anonymous_19)
FN:488,(anonymous_20)
FN:494,(anonymous_21)
FN:512,(anonymous_22)
FN:524,(anonymous_23)
FN:534,(anonymous_24)
FN:558,(anonymous_25)
FN:562,(anonymous_26)
FN:567,(anonymous_27)
FN:572,(anonymous_28)
FN:576,(anonymous_29)
FN:580,(anonymous_30)
FN:584,(anonymous_31)
FN:588,(anonymous_32)
FN:592,(anonymous_33)
FN:597,(anonymous_34)
FN:617,(anonymous_35)
FN:633,(anonymous_36)
FN:679,(anonymous_37)
FN:704,(anonymous_38)
FN:708,(anonymous_39)
FN:713,(anonymous_40)
FN:718,(anonymous_41)
FN:721,(anonymous_42)
FN:729,(anonymous_43)
FN:737,(anonymous_44)
FN:742,(anonymous_45)
FN:743,(anonymous_46)
FN:750,(anonymous_47)
FN:755,(anonymous_48)
FNF:49
FNH:0
FNDA:0,(anonymous_0)
FNDA:0,(anonymous_1)
FNDA:0,(anonymous_2)
FNDA:0,(anonymous_3)
FNDA:0,(anonymous_4)
FNDA:0,(anonymous_5)
FNDA:0,(anonymous_6)
FNDA:0,(anonymous_7)
FNDA:0,(anonymous_8)
FNDA:0,(anonymous_9)
FNDA:0,(anonymous_10)
FNDA:0,(anonymous_11)
FNDA:0,(anonymous_12)
FNDA:0,(anonymous_13)
FNDA:0,(anonymous_14)
FNDA:0,(anonymous_15)
FNDA:0,(anonymous_16)
FNDA:0,(anonymous_17)
FNDA:0,(anonymous_18)
FNDA:0,(anonymous_19)
FNDA:0,(anonymous_20)
FNDA:0,(anonymous_21)
FNDA:0,(anonymous_22)
FNDA:0,(anonymous_23)
FNDA:0,(anonymous_24)
FNDA:0,(anonymous_25)
FNDA:0,(anonymous_26)
FNDA:0,(anonymous_27)
FNDA:0,(anonymous_28)
FNDA:0,(anonymous_29)
FNDA:0,(anonymous_30)
FNDA:0,(anonymous_31)
FNDA:0,(anonymous_32)
FNDA:0,(anonymous_33)
FNDA:0,(anonymous_34)
FNDA:0,(anonymous_35)
FNDA:0,(anonymous_36)
FNDA:0,(anonymous_37)
FNDA:0,(anonymous_38)
FNDA:0,(anonymous_39)
FNDA:0,(anonymous_40)
FNDA:0,(anonymous_41)
FNDA:0,(anonymous_42)
FNDA:0,(anonymous_43)
FNDA:0,(anonymous_44)
FNDA:0,(anonymous_45)
FNDA:0,(anonymous_46)
FNDA:0,(anonymous_47)
FNDA:0,(anonymous_48)
DA:108,0
DA:109,0
DA:112,0
DA:113,0
DA:114,0
DA:115,0
DA:116,0
DA:117,0
DA:118,0
DA:121,0
DA:122,0
DA:123,0
DA:124,0
DA:129,0
DA:130,0
DA:132,0
DA:146,0
DA:174,0
DA:175,0
DA:178,0
DA:179,0
DA:180,0
DA:183,0
DA:184,0
DA:185,0
DA:189,0
DA:192,0
DA:195,0
DA:198,0
DA:201,0
DA:204,0
DA:205,0
DA:208,0
DA:209,0
DA:210,0
DA:212,0
DA:213,0
DA:215,0
DA:216,0
DA:217,0
DA:226,0
DA:228,0
DA:230,0
DA:231,0
DA:234,0
DA:237,0
DA:238,0
DA:239,0
DA:242,0
DA:243,0
DA:246,0
DA:251,0
DA:252,0
DA:253,0
DA:255,0
DA:256,0
DA:257,0
DA:263,0
DA:266,0
DA:267,0
DA:268,0
DA:271,0
DA:272,0
DA:275,0
DA:276,0
DA:277,0
DA:278,0
DA:281,0
DA:284,0
DA:285,0
DA:286,0
DA:287,0
DA:291,0
DA:296,0
DA:301,0
DA:304,0
DA:305,0
DA:311,0
DA:312,0
DA:313,0
DA:314,0
DA:318,0
DA:319,0
DA:323,0
DA:324,0
DA:331,0
DA:332,0
DA:333,0
DA:337,0
DA:342,0
DA:347,0
DA:362,0
DA:365,0
DA:366,0
DA:370,0
DA:371,0
DA:372,0
DA:376,0
DA:381,0
DA:383,0
DA:384,0
DA:386,0
DA:387,0
DA:388,0
DA:390,0
DA:395,0
DA:396,0
DA:398,0
DA:400,0
DA:403,0
DA:404,0
DA:406,0
DA:408,0
DA:417,0
DA:418,0
DA:420,0
DA:425,0
DA:430,0
DA:431,0
DA:434,0
DA:435,0
DA:439,0
DA:440,0
DA:443,0
DA:447,0
DA:448,0
DA:451,0
DA:456,0
DA:457,0
DA:460,0
DA:461,0
DA:462,0
DA:466,0
DA:467,0
DA:470,0
DA:474,0
DA:475,0
DA:478,0
DA:483,0
DA:484,0
DA:489,0
DA:490,0
DA:495,0
DA:497,0
DA:499,0
DA:500,0
DA:503,0
DA:508,0
DA:513,0
DA:514,0
DA:517,0
DA:518,0
DA:519,0
DA:520,0
DA:523,0
DA:524,0
DA:527,0
DA:529,0
DA:530,0
DA:535,0
DA:536,0
DA:537,0
DA:539,0
DA:540,0
DA:541,0
DA:542,0
DA:543,0
DA:546,0
DA:547,0
DA:548,0
DA:551,0
DA:554,0
DA:559,0
DA:563,0
DA:564,0
DA:568,0
DA:573,0
DA:577,0
DA:581,0
DA:585,0
DA:589,0
DA:593,0
DA:598,0
DA:599,0
DA:602,0
DA:604,0
DA:605,0
DA:606,0
DA:607,0
DA:608,0
DA:610,0
DA:612,0
DA:613,0
DA:618,0
DA:620,0
DA:621,0
DA:623,0
DA:625,0
DA:626,0
DA:629,0
DA:635,0
DA:636,0
DA:637,0
DA:640,0
DA:641,0
DA:642,0
DA:646,0
DA:647,0
DA:650,0
DA:651,0
DA:654,0
DA:655,0
DA:658,0
DA:659,0
DA:662,0
DA:663,0
DA:666,0
DA:667,0
DA:670,0
DA:671,0
DA:675,0
DA:680,0
DA:705,0
DA:707,0
DA:709,0
DA:710,0
DA:714,0
DA:715,0
DA:719,0
DA:722,0
DA:723,0
DA:730,0
DA:731,0
DA:732,0
DA:733,0
DA:734,0
DA:735,0
DA:737,0
DA:740,0
DA:742,0
DA:743,0
DA:746,0
DA:751,0
DA:752,0
DA:760,0
DA:761,0
DA:762,0
LF:247
LH:0
BRDA:128,0,0,0
BRDA:136,1,0,0
BRDA:136,1,1,0
BRDA:174,2,0,0
BRDA:174,2,1,0
BRDA:183,3,0,0
BRDA:183,3,1,0
BRDA:204,4,0,0
BRDA:204,4,1,0
BRDA:204,5,0,0
BRDA:204,5,1,0
BRDA:230,6,0,0
BRDA:230,6,1,0
BRDA:242,7,0,0
BRDA:242,7,1,0
BRDA:277,8,0,0
BRDA:277,8,1,0
BRDA:284,9,0,0
BRDA:284,9,1,0
BRDA:286,10,0,0
BRDA:286,10,1,0
BRDA:286,11,0,0
BRDA:286,11,1,0
BRDA:304,12,0,0
BRDA:304,12,1,0
BRDA:306,13,0,0
BRDA:306,13,1,0
BRDA:311,14,0,0
BRDA:311,14,1,0
BRDA:323,15,0,0
BRDA:323,15,1,0
BRDA:328,16,0,0
BRDA:328,16,1,0
BRDA:370,17,0,0
BRDA:370,17,1,0
BRDA:373,18,0,0
BRDA:373,18,1,0
BRDA:381,19,0,0
BRDA:381,19,1,0
BRDA:387,20,0,0
BRDA:387,20,1,0
BRDA:392,21,0,0
BRDA:392,21,1,0
BRDA:404,22,0,0
BRDA:404,22,1,0
BRDA:417,23,0,0
BRDA:417,23,1,0
BRDA:425,24,0,0
BRDA:425,24,1,0
BRDA:430,25,0,0
BRDA:430,25,1,0
BRDA:439,26,0,0
BRDA:439,26,1,0
BRDA:447,27,0,0
BRDA:447,27,1,0
BRDA:456,28,0,0
BRDA:456,28,1,0
BRDA:466,29,0,0
BRDA:466,29,1,0
BRDA:474,30,0,0
BRDA:474,30,1,0
BRDA:483,31,0,0
BRDA:483,31,1,0
BRDA:489,32,0,0
BRDA:489,32,1,0
BRDA:497,33,0,0
BRDA:497,33,1,0
BRDA:503,34,0,0
BRDA:503,34,1,0
BRDA:503,35,0,0
BRDA:503,35,1,0
BRDA:517,36,0,0
BRDA:517,36,1,0
BRDA:518,37,0,0
BRDA:518,37,1,0
BRDA:519,38,0,0
BRDA:519,38,1,0
BRDA:520,39,0,0
BRDA:520,39,1,0
BRDA:524,40,0,0
BRDA:524,40,1,0
BRDA:527,41,0,0
BRDA:527,41,1,0
BRDA:539,42,0,0
BRDA:539,42,1,0
BRDA:546,43,0,0
BRDA:546,43,1,0
BRDA:598,44,0,0
BRDA:598,44,1,0
BRDA:625,45,0,0
BRDA:625,45,1,0
BRDA:635,46,0,0
BRDA:635,46,1,0
BRDA:640,47,0,0
BRDA:640,47,1,0
BRDA:646,48,0,0
BRDA:646,48,1,0
BRDA:650,49,0,0
BRDA:650,49,1,0
BRDA:654,50,0,0
BRDA:654,50,1,0
BRDA:658,51,0,0
BRDA:658,51,1,0
BRDA:662,52,0,0
BRDA:662,52,1,0
BRDA:666,53,0,0
BRDA:666,53,1,0
BRDA:670,54,0,0
BRDA:670,54,1,0
BRDA:705,55,0,0
BRDA:705,55,1,0
BRDA:709,56,0,0
BRDA:709,56,1,0
BRDA:710,57,0,0
BRDA:710,57,1,0
BRDA:714,58,0,0
BRDA:714,58,1,0
BRDA:715,59,0,0
BRDA:715,59,1,0
BRDA:719,60,0,0
BRDA:719,60,1,0
BRDA:722,61,0,0
BRDA:722,61,1,0
BRDA:723,62,0,0
BRDA:723,62,1,0
BRDA:741,63,0,0
BRDA:741,63,1,0
BRDA:750,64,0,0
BRDA:758,65,0,0
BRF:129
BRH:0
end_of_record
TN:
SF:src/framework/core/ConfigManager.ts
FN:37,(anonymous_0)
FN:42,(anonymous_1)
FN:61,(anonymous_2)
FN:97,(anonymous_3)
FN:101,(anonymous_4)
FN:105,(anonymous_5)
FN:109,(anonymous_6)
FN:113,(anonymous_7)
FN:117,(anonymous_8)
FN:122,(anonymous_9)
FN:131,(anonymous_10)
FN:136,(anonymous_11)
FN:157,(anonymous_12)
FN:178,(anonymous_13)
FNF:14
FNH:0
FNDA:0,(anonymous_0)
FNDA:0,(anonymous_1)
FNDA:0,(anonymous_2)
FNDA:0,(anonymous_3)
FNDA:0,(anonymous_4)
FNDA:0,(anonymous_5)
FNDA:0,(anonymous_6)
FNDA:0,(anonymous_7)
FNDA:0,(anonymous_8)
FNDA:0,(anonymous_9)
FNDA:0,(anonymous_10)
FNDA:0,(anonymous_11)
FNDA:0,(anonymous_12)
FNDA:0,(anonymous_13)
DA:17,0
DA:38,0
DA:39,0
DA:43,0
DA:63,0
DA:64,0
DA:65,0
DA:67,0
DA:68,0
DA:73,0
DA:74,0
DA:75,0
DA:80,0
DA:81,0
DA:85,0
DA:87,0
DA:91,0
DA:98,0
DA:102,0
DA:106,0
DA:110,0
DA:114,0
DA:118,0
DA:123,0
DA:127,0
DA:132,0
DA:137,0
DA:158,0
DA:179,0
LF:29
LH:0
BRDA:37,0,0,0
BRDA:52,1,0,0
BRDA:52,1,1,0
BRDA:63,2,0,0
BRDA:63,2,1,0
BRDA:64,3,0,0
BRDA:64,3,1,0
BRDA:64,4,0,0
BRDA:64,4,1,0
BRDA:67,5,0,0
BRDA:67,5,1,0
BRDA:67,6,0,0
BRDA:67,6,1,0
BRDA:73,7,0,0
BRDA:73,7,1,0
BRDA:74,8,0,0
BRDA:74,8,1,0
BRDA:74,9,0,0
BRDA:74,9,1,0
BRDA:80,10,0,0
BRDA:80,10,1,0
BRDA:81,11,0,0
BRDA:81,11,1,0
BRDA:82,12,0,0
BRDA:82,12,1,0
BRDA:87,13,0,0
BRDA:87,13,1,0
BRDA:88,14,0,0
BRDA:88,14,1,0
BRDA:110,15,0,0
BRDA:110,15,1,0
BRDA:114,16,0,0
BRDA:114,16,1,0
BRDA:118,17,0,0
BRDA:118,17,1,0
BRF:35
BRH:0
end_of_record
TN:
SF:src/framework/core/DatabaseManager.ts
FN:7,(anonymous_0)
FN:21,(anonymous_1)
FN:25,(anonymous_2)
FN:42,(anonymous_3)
FN:62,(anonymous_4)
FN:84,(anonymous_5)
FN:125,(anonymous_6)
FN:147,(anonymous_7)
FN:181,(anonymous_8)
FN:189,(anonymous_9)
FN:193,(anonymous_10)
FN:207,(anonymous_11)
FN:228,(anonymous_12)
FN:245,(anonymous_13)
FN:255,(anonymous_14)
FN:266,(anonymous_15)
FN:284,(anonymous_16)
FN:313,(anonymous_17)
FN:334,(anonymous_18)
FN:356,(anonymous_19)
FNF:20
FNH:0
FNDA:0,(anonymous_0)
FNDA:0,(anonymous_1)
FNDA:0,(anonymous_2)
FNDA:0,(anonymous_3)
FNDA:0,(anonymous_4)
FNDA:0,(anonymous_5)
FNDA:0,(anonymous_6)
FNDA:0,(anonymous_7)
FNDA:0,(anonymous_8)
FNDA:0,(anonymous_9)
FNDA:0,(anonymous_10)
FNDA:0,(anonymous_11)
FNDA:0,(anonymous_12)
FNDA:0,(anonymous_13)
FNDA:0,(anonymous_14)
FNDA:0,(anonymous_15)
FNDA:0,(anonymous_16)
FNDA:0,(anonymous_17)
FNDA:0,(anonymous_18)
FNDA:0,(anonymous_19)
DA:8,0
DA:9,0
DA:15,0
DA:16,0
DA:17,0
DA:18,0
DA:19,0
DA:22,0
DA:26,0
DA:27,0
DA:30,0
DA:33,0
DA:36,0
DA:38,0
DA:39,0
DA:43,0
DA:45,0
DA:47,0
DA:48,0
DA:50,0
DA:51,0
DA:52,0
DA:54,0
DA:56,0
DA:57,0
DA:63,0
DA:66,0
DA:68,0
DA:69,0
DA:70,0
DA:71,0
DA:72,0
DA:74,0
DA:76,0
DA:77,0
DA:81,0
DA:85,0
DA:87,0
DA:88,0
DA:91,0
DA:92,0
DA:95,0
DA:96,0
DA:98,0
DA:99,0
DA:100,0
DA:102,0
DA:104,0
DA:105,0
DA:110,0
DA:111,0
DA:114,0
DA:116,0
DA:119,0
DA:121,0
DA:122,0
DA:126,0
DA:127,0
DA:128,0
DA:130,0
DA:131,0
DA:135,0
DA:136,0
DA:137,0
DA:141,0
DA:142,0
DA:144,0
DA:149,0
DA:150,0
DA:154,0
DA:155,0
DA:157,0
DA:158,0
DA:161,0
DA:162,0
DA:163,0
DA:166,0
DA:167,0
DA:169,0
DA:170,0
DA:173,0
DA:176,0
DA:178,0
DA:182,0
DA:183,0
DA:184,0
DA:186,0
DA:190,0
DA:194,0
DA:195,0
DA:198,0
DA:200,0
DA:202,0
DA:203,0
DA:208,0
DA:210,0
DA:211,0
DA:215,0
DA:216,0
DA:219,0
DA:221,0
DA:223,0
DA:224,0
DA:229,0
DA:230,0
DA:232,0
DA:233,0
DA:236,0
DA:237,0
DA:238,0
DA:240,0
DA:241,0
DA:247,0
DA:248,0
DA:249,0
DA:251,0
DA:256,0
DA:257,0
DA:259,0
DA:260,0
DA:263,0
DA:266,0
DA:269,0
DA:270,0
DA:273,0
DA:276,0
DA:279,0
DA:280,0
DA:285,0
DA:286,0
DA:288,0
DA:291,0
DA:292,0
DA:295,0
DA:298,0
DA:301,0
DA:302,0
DA:305,0
DA:308,0
DA:309,0
DA:314,0
DA:315,0
DA:317,0
DA:318,0
DA:321,0
DA:322,0
DA:326,0
DA:329,0
DA:330,0
DA:335,0
DA:336,0
DA:338,0
DA:339,0
DA:342,0
DA:343,0
DA:347,0
DA:350,0
DA:351,0
DA:357,0
DA:360,0
DA:361,0
DA:362,0
DA:363,0
DA:365,0
DA:366,0
LF:165
LH:0
BRDA:26,0,0,0
BRDA:26,0,1,0
BRDA:130,1,0,0
BRDA:130,1,1,0
BRDA:136,2,0,0
BRDA:136,2,1,0
BRDA:149,3,0,0
BRDA:149,3,1,0
BRDA:157,4,0,0
BRDA:157,4,1,0
BRDA:162,5,0,0
BRDA:162,5,1,0
BRDA:169,6,0,0
BRDA:169,6,1,0
BRDA:183,7,0,0
BRDA:183,7,1,0
BRDA:210,8,0,0
BRDA:210,8,1,0
BRDA:232,9,0,0
BRDA:232,9,1,0
BRDA:257,10,0,0
BRDA:257,10,1,0
BRDA:257,10,2,0
BRDA:257,10,3,0
BRDA:257,10,4,0
BRDA:257,10,5,0
BRDA:286,11,0,0
BRDA:286,11,1,0
BRDA:286,11,2,0
BRDA:286,11,3,0
BRDA:286,11,4,0
BRDA:286,11,5,0
BRDA:301,12,0,0
BRDA:301,12,1,0
BRDA:315,13,0,0
BRDA:315,13,1,0
BRDA:315,13,2,0
BRDA:336,14,0,0
BRDA:336,14,1,0
BRDA:336,14,2,0
BRF:40
BRH:0
end_of_record
TN:
SF:src/framework/core/ModelRegistry.ts
FN:9,(anonymous_0)
FN:19,(anonymous_1)
FN:23,(anonymous_2)
FN:27,(anonymous_3)
FN:31,(anonymous_4)
FN:32,(anonymous_5)
FN:35,(anonymous_6)
FN:36,(anonymous_7)
FN:39,(anonymous_8)
FN:43,(anonymous_9)
FN:48,(anonymous_10)
FN:77,(anonymous_11)
FN:81,(anonymous_12)
FN:95,(anonymous_13)
FNF:14
FNH:0
FNDA:0,(anonymous_0)
FNDA:0,(anonymous_1)
FNDA:0,(anonymous_2)
FNDA:0,(anonymous_3)
FNDA:0,(anonymous_4)
FNDA:0,(anonymous_5)
FNDA:0,(anonymous_6)
FNDA:0,(anonymous_7)
FNDA:0,(anonymous_8)
FNDA:0,(anonymous_9)
FNDA:0,(anonymous_10)
FNDA:0,(anonymous_11)
FNDA:0,(anonymous_12)
FNDA:0,(anonymous_13)
DA:6,0
DA:7,0
DA:10,0
DA:11,0
DA:14,0
DA:16,0
DA:20,0
DA:24,0
DA:28,0
DA:32,0
DA:36,0
DA:40,0
DA:44,0
DA:45,0
DA:50,0
DA:51,0
DA:55,0
DA:56,0
DA:60,0
DA:61,0
DA:65,0
DA:66,0
DA:70,0
DA:71,0
DA:74,0
DA:78,0
DA:82,0
DA:83,0
DA:86,0
DA:87,0
DA:90,0
DA:91,0
DA:96,0
DA:97,0
DA:100,0
DA:101,0
LF:36
LH:0
BRDA:16,0,0,0
BRDA:16,0,1,0
BRDA:50,1,0,0
BRDA:50,1,1,0
BRDA:55,2,0,0
BRDA:55,2,1,0
BRDA:55,3,0,0
BRDA:55,3,1,0
BRDA:60,4,0,0
BRDA:60,4,1,0
BRDA:60,5,0,0
BRDA:60,5,1,0
BRDA:65,6,0,0
BRDA:65,6,1,0
BRDA:70,7,0,0
BRDA:70,7,1,0
BRDA:82,8,0,0
BRDA:82,8,1,0
BRDA:82,9,0,0
BRDA:82,9,1,0
BRDA:86,10,0,0
BRDA:86,10,1,0
BRDA:86,11,0,0
BRDA:86,11,1,0
BRDA:90,12,0,0
BRDA:90,12,1,0
BRDA:96,13,0,0
BRDA:96,13,1,0
BRDA:96,14,0,0
BRDA:96,14,1,0
BRDA:100,15,0,0
BRDA:100,15,1,0
BRDA:100,16,0,0
BRDA:100,16,1,0
BRDA:100,16,2,0
BRF:35
BRH:0
end_of_record
TN:
SF:src/framework/migrations/MigrationBuilder.ts
FN:17,(anonymous_0)
FN:30,(anonymous_1)
FN:35,(anonymous_2)
FN:40,(anonymous_3)
FN:45,(anonymous_4)
FN:50,(anonymous_5)
FN:56,(anonymous_6)
FN:75,(anonymous_7)
FN:87,(anonymous_8)
FN:97,(anonymous_9)
FN:123,(anonymous_10)
FN:144,(anonymous_11)
FN:168,(anonymous_12)
FN:192,(anonymous_13)
FN:208,(anonymous_14)
FN:218,(anonymous_15)
FN:223,(anonymous_16)
FN:229,(anonymous_17)
FN:233,(anonymous_18)
FN:237,(anonymous_19)
FN:246,(anonymous_20)
FN:270,(anonymous_21)
FN:280,(anonymous_22)
FN:319,(anonymous_23)
FN:332,(anonymous_24)
FN:336,(anonymous_25)
FN:343,(anonymous_26)
FN:347,(anonymous_27)
FN:355,(anonymous_28)
FN:381,(anonymous_29)
FN:387,(anonymous_30)
FN:388,(anonymous_31)
FN:396,(anonymous_32)
FN:400,(anonymous_33)
FN:413,(anonymous_34)
FN:425,(anonymous_35)
FN:442,(anonymous_36)
FN:458,createMigration
FNF:38
FNH:0
FNDA:0,(anonymous_0)
FNDA:0,(anonymous_1)
FNDA:0,(anonymous_2)
FNDA:0,(anonymous_3)
FNDA:0,(anonymous_4)
FNDA:0,(anonymous_5)
FNDA:0,(anonymous_6)
FNDA:0,(anonymous_7)
FNDA:0,(anonymous_8)
FNDA:0,(anonymous_9)
FNDA:0,(anonymous_10)
FNDA:0,(anonymous_11)
FNDA:0,(anonymous_12)
FNDA:0,(anonymous_13)
FNDA:0,(anonymous_14)
FNDA:0,(anonymous_15)
FNDA:0,(anonymous_16)
FNDA:0,(anonymous_17)
FNDA:0,(anonymous_18)
FNDA:0,(anonymous_19)
FNDA:0,(anonymous_20)
FNDA:0,(anonymous_21)
FNDA:0,(anonymous_22)
FNDA:0,(anonymous_23)
FNDA:0,(anonymous_24)
FNDA:0,(anonymous_25)
FNDA:0,(anonymous_26)
FNDA:0,(anonymous_27)
FNDA:0,(anonymous_28)
FNDA:0,(anonymous_29)
FNDA:0,(anonymous_30)
FNDA:0,(anonymous_31)
FNDA:0,(anonymous_32)
FNDA:0,(anonymous_33)
FNDA:0,(anonymous_34)
FNDA:0,(anonymous_35)
FNDA:0,(anonymous_36)
FNDA:0,createMigration
DA:13,0
DA:14,0
DA:15,0
DA:18,0
DA:31,0
DA:32,0
DA:36,0
DA:37,0
DA:41,0
DA:42,0
DA:46,0
DA:47,0
DA:51,0
DA:52,0
DA:57,0
DA:65,0
DA:71,0
DA:72,0
DA:76,0
DA:82,0
DA:84,0
DA:88,0
DA:93,0
DA:94,0
DA:103,0
DA:110,0
DA:111,0
DA:119,0
DA:120,0
DA:124,0
DA:132,0
DA:139,0
DA:140,0
DA:149,0
DA:155,0
DA:156,0
DA:163,0
DA:164,0
DA:173,0
DA:179,0
DA:180,0
DA:187,0
DA:188,0
DA:193,0
DA:199,0
DA:205,0
DA:209,0
DA:215,0
DA:219,0
DA:223,0
DA:226,0
DA:231,0
DA:234,0
DA:238,0
DA:242,0
DA:247,0
DA:256,0
DA:265,0
DA:266,0
DA:280,0
DA:281,0
DA:283,0
DA:284,0
DA:286,0
DA:287,0
DA:289,0
DA:290,0
DA:291,0
DA:294,0
DA:297,0
DA:298,0
DA:299,0
DA:304,0
DA:305,0
DA:308,0
DA:313,0
DA:314,0
DA:315,0
DA:324,0
DA:329,0
DA:333,0
DA:338,0
DA:344,0
DA:348,0
DA:349,0
DA:356,0
DA:357,0
DA:360,0
DA:361,0
DA:364,0
DA:382,0
DA:383,0
DA:388,0
DA:389,0
DA:390,0
DA:391,0
DA:397,0
DA:407,0
DA:419,0
DA:432,0
DA:450,0
DA:459,0
LF:102
LH:0
BRDA:75,0,0,0
BRDA:82,1,0,0
BRDA:82,1,1,0
BRDA:110,2,0,0
BRDA:110,2,1,0
BRDA:155,3,0,0
BRDA:155,3,1,0
BRDA:179,4,0,0
BRDA:179,4,1,0
BRDA:218,5,0,0
BRDA:246,6,0,0
BRDA:274,7,0,0
BRDA:284,8,0,0
BRDA:284,8,1,0
BRDA:290,9,0,0
BRDA:290,9,1,0
BRDA:290,10,0,0
BRDA:290,10,1,0
BRDA:298,11,0,0
BRDA:298,11,1,0
BRDA:304,12,0,0
BRDA:304,12,1,0
BRDA:356,13,0,0
BRDA:356,13,1,0
BRDA:356,14,0,0
BRDA:356,14,1,0
BRDA:360,15,0,0
BRDA:360,15,1,0
BRDA:373,16,0,0
BRDA:373,16,1,0
BRDA:382,17,0,0
BRDA:382,17,1,0
BRDA:390,18,0,0
BRDA:390,18,1,0
BRF:34
BRH:0
end_of_record
TN:
SF:src/framework/migrations/MigrationManager.ts
FN:119,(anonymous_0)
FN:126,(anonymous_1)
FN:132,(anonymous_2)
FN:149,(anonymous_3)
FN:150,(anonymous_4)
FN:156,(anonymous_5)
FN:161,(anonymous_6)
FN:164,(anonymous_7)
FN:166,(anonymous_8)
FN:175,(anonymous_9)
FN:280,(anonymous_10)
FN:323,(anonymous_11)
FN:330,(anonymous_12)
FN:372,(anonymous_13)
FN:422,(anonymous_14)
FN:453,(anonymous_15)
FN:492,(anonymous_16)
FN:526,(anonymous_17)
FN:568,(anonymous_18)
FN:605,(anonymous_19)
FN:647,(anonymous_20)
FN:669,(anonymous_21)
FN:676,(anonymous_22)
FN:681,(anonymous_23)
FN:698,(anonymous_24)
FN:723,(anonymous_25)
FN:744,(anonymous_26)
FN:748,(anonymous_27)
FN:757,(anonymous_28)
FN:784,(anonymous_29)
FN:790,(anonymous_30)
FN:835,(anonymous_31)
FN:853,(anonymous_32)
FN:882,(anonymous_33)
FN:888,(anonymous_34)
FN:892,(anonymous_35)
FN:898,(anonymous_36)
FN:910,(anonymous_37)
FN:925,(anonymous_38)
FN:928,(anonymous_39)
FN:929,(anonymous_40)
FN:933,(anonymous_41)
FN:935,(anonymous_42)
FN:936,(anonymous_43)
FN:938,(anonymous_44)
FN:940,(anonymous_45)
FN:946,(anonymous_46)
FN:950,(anonymous_47)
FN:954,(anonymous_48)
FN:964,(anonymous_49)
FN:968,(anonymous_50)
FNF:51
FNH:0
FNDA:0,(anonymous_0)
FNDA:0,(anonymous_1)
FNDA:0,(anonymous_2)
FNDA:0,(anonymous_3)
FNDA:0,(anonymous_4)
FNDA:0,(anonymous_5)
FNDA:0,(anonymous_6)
FNDA:0,(anonymous_7)
FNDA:0,(anonymous_8)
FNDA:0,(anonymous_9)
FNDA:0,(anonymous_10)
FNDA:0,(anonymous_11)
FNDA:0,(anonymous_12)
FNDA:0,(anonymous_13)
FNDA:0,(anonymous_14)
FNDA:0,(anonymous_15)
FNDA:0,(anonymous_16)
FNDA:0,(anonymous_17)
FNDA:0,(anonymous_18)
FNDA:0,(anonymous_19)
FNDA:0,(anonymous_20)
FNDA:0,(anonymous_21)
FNDA:0,(anonymous_22)
FNDA:0,(anonymous_23)
FNDA:0,(anonymous_24)
FNDA:0,(anonymous_25)
FNDA:0,(anonymous_26)
FNDA:0,(anonymous_27)
FNDA:0,(anonymous_28)
FNDA:0,(anonymous_29)
FNDA:0,(anonymous_30)
FNDA:0,(anonymous_31)
FNDA:0,(anonymous_32)
FNDA:0,(anonymous_33)
FNDA:0,(anonymous_34)
FNDA:0,(anonymous_35)
FNDA:0,(anonymous_36)
FNDA:0,(anonymous_37)
FNDA:0,(anonymous_38)
FNDA:0,(anonymous_39)
FNDA:0,(anonymous_40)
FNDA:0,(anonymous_41)
FNDA:0,(anonymous_42)
FNDA:0,(anonymous_43)
FNDA:0,(anonymous_44)
FNDA:0,(anonymous_45)
FNDA:0,(anonymous_46)
FNDA:0,(anonymous_47)
FNDA:0,(anonymous_48)
FNDA:0,(anonymous_49)
FNDA:0,(anonymous_50)
DA:113,0
DA:114,0
DA:115,0
DA:116,0
DA:120,0
DA:121,0
DA:122,0
DA:128,0
DA:131,0
DA:132,0
DA:135,0
DA:136,0
DA:139,0
DA:140,0
DA:142,0
DA:150,0
DA:151,0
DA:157,0
DA:162,0
DA:163,0
DA:164,0
DA:166,0
DA:167,0
DA:168,0
DA:170,0
DA:184,0
DA:185,0
DA:186,0
DA:190,0
DA:191,0
DA:195,0
DA:197,0
DA:198,0
DA:209,0
DA:211,0
DA:212,0
DA:218,0
DA:219,0
DA:223,0
DA:224,0
DA:228,0
DA:231,0
DA:232,0
DA:236,0
DA:237,0
DA:239,0
DA:241,0
DA:247,0
DA:249,0
DA:250,0
DA:252,0
DA:259,0
DA:261,0
DA:272,0
DA:273,0
DA:275,0
DA:288,0
DA:289,0
DA:291,0
DA:296,0
DA:297,0
DA:298,0
DA:302,0
DA:304,0
DA:305,0
DA:309,0
DA:312,0
DA:313,0
DA:315,0
DA:319,0
DA:324,0
DA:325,0
DA:326,0
DA:329,0
DA:330,0
DA:332,0
DA:333,0
DA:336,0
DA:337,0
DA:348,0
DA:349,0
DA:351,0
DA:353,0
DA:354,0
DA:356,0
DA:361,0
DA:363,0
DA:367,0
DA:377,0
DA:378,0
DA:379,0
DA:381,0
DA:382,0
DA:383,0
DA:385,0
DA:387,0
DA:392,0
DA:402,0
DA:403,0
DA:404,0
DA:405,0
DA:409,0
DA:426,0
DA:428,0
DA:430,0
DA:433,0
DA:436,0
DA:439,0
DA:442,0
DA:445,0
DA:448,0
DA:457,0
DA:459,0
DA:460,0
DA:464,0
DA:469,0
DA:470,0
DA:473,0
DA:474,0
DA:475,0
DA:477,0
DA:478,0
DA:479,0
DA:480,0
DA:481,0
DA:485,0
DA:488,0
DA:496,0
DA:498,0
DA:499,0
DA:502,0
DA:504,0
DA:505,0
DA:507,0
DA:508,0
DA:509,0
DA:511,0
DA:512,0
DA:513,0
DA:514,0
DA:515,0
DA:519,0
DA:522,0
DA:530,0
DA:532,0
DA:533,0
DA:536,0
DA:540,0
DA:541,0
DA:543,0
DA:544,0
DA:545,0
DA:547,0
DA:548,0
DA:550,0
DA:551,0
DA:553,0
DA:554,0
DA:555,0
DA:556,0
DA:561,0
DA:564,0
DA:572,0
DA:574,0
DA:575,0
DA:578,0
DA:582,0
DA:583,0
DA:585,0
DA:586,0
DA:587,0
DA:589,0
DA:590,0
DA:591,0
DA:592,0
DA:593,0
DA:594,0
DA:598,0
DA:601,0
DA:609,0
DA:611,0
DA:612,0
DA:615,0
DA:617,0
DA:618,0
DA:620,0
DA:621,0
DA:622,0
DA:624,0
DA:625,0
DA:626,0
DA:627,0
DA:629,0
DA:630,0
DA:631,0
DA:632,0
DA:635,0
DA:636,0
DA:640,0
DA:643,0
DA:651,0
DA:653,0
DA:654,0
DA:657,0
DA:659,0
DA:660,0
DA:661,0
DA:663,0
DA:664,0
DA:672,0
DA:673,0
DA:678,0
DA:683,0
DA:685,0
DA:687,0
DA:689,0
DA:691,0
DA:693,0
DA:699,0
DA:700,0
DA:703,0
DA:704,0
DA:707,0
DA:708,0
DA:712,0
DA:713,0
DA:716,0
DA:717,0
DA:718,0
DA:724,0
DA:735,0
DA:736,0
DA:739,0
DA:740,0
DA:745,0
DA:747,0
DA:748,0
DA:750,0
DA:751,0
DA:752,0
DA:758,0
DA:760,0
DA:761,0
DA:763,0
DA:773,0
DA:774,0
DA:775,0
DA:778,0
DA:779,0
DA:786,0
DA:794,0
DA:795,0
DA:798,0
DA:799,0
DA:800,0
DA:803,0
DA:804,0
DA:805,0
DA:807,0
DA:817,0
DA:818,0
DA:819,0
DA:823,0
DA:839,0
DA:840,0
DA:841,0
DA:842,0
DA:843,0
DA:846,0
DA:849,0
DA:854,0
DA:856,0
DA:857,0
DA:860,0
DA:861,0
DA:862,0
DA:866,0
DA:867,0
DA:870,0
DA:884,0
DA:889,0
DA:891,0
DA:892,0
DA:895,0
DA:899,0
DA:900,0
DA:903,0
DA:906,0
DA:911,0
DA:912,0
DA:914,0
DA:915,0
DA:916,0
DA:918,0
DA:919,0
DA:922,0
DA:926,0
DA:927,0
DA:928,0
DA:929,0
DA:934,0
DA:935,0
DA:937,0
DA:939,0
DA:941,0
DA:947,0
DA:951,0
DA:955,0
DA:956,0
DA:959,0
DA:960,0
DA:961,0
DA:964,0
DA:969,0
DA:970,0
LF:315
LH:0
BRDA:122,0,0,0
BRDA:122,0,1,0
BRDA:135,1,0,0
BRDA:135,1,1,0
BRDA:135,2,0,0
BRDA:135,2,1,0
BRDA:157,3,0,0
BRDA:157,3,1,0
BRDA:167,4,0,0
BRDA:167,4,1,0
BRDA:168,5,0,0
BRDA:168,5,1,0
BRDA:177,6,0,0
BRDA:185,7,0,0
BRDA:185,7,1,0
BRDA:190,8,0,0
BRDA:190,8,1,0
BRDA:218,9,0,0
BRDA:218,9,1,0
BRDA:223,10,0,0
BRDA:223,10,1,0
BRDA:231,11,0,0
BRDA:231,11,1,0
BRDA:281,12,0,0
BRDA:304,13,0,0
BRDA:304,13,1,0
BRDA:304,14,0,0
BRDA:304,14,1,0
BRDA:312,15,0,0
BRDA:312,15,1,0
BRDA:325,16,0,0
BRDA:325,16,1,0
BRDA:330,17,0,0
BRDA:330,17,1,0
BRDA:332,18,0,0
BRDA:332,18,1,0
BRDA:383,19,0,0
BRDA:383,19,1,0
BRDA:385,20,0,0
BRDA:385,20,1,0
BRDA:428,21,0,0
BRDA:428,21,1,0
BRDA:428,21,2,0
BRDA:428,21,3,0
BRDA:428,21,4,0
BRDA:428,21,5,0
BRDA:428,21,6,0
BRDA:459,22,0,0
BRDA:459,22,1,0
BRDA:459,23,0,0
BRDA:459,23,1,0
BRDA:473,24,0,0
BRDA:473,24,1,0
BRDA:478,25,0,0
BRDA:478,25,1,0
BRDA:479,26,0,0
BRDA:479,26,1,0
BRDA:498,27,0,0
BRDA:498,27,1,0
BRDA:507,28,0,0
BRDA:507,28,1,0
BRDA:512,29,0,0
BRDA:512,29,1,0
BRDA:532,30,0,0
BRDA:532,30,1,0
BRDA:532,31,0,0
BRDA:532,31,1,0
BRDA:543,32,0,0
BRDA:543,32,1,0
BRDA:548,33,0,0
BRDA:548,33,1,0
BRDA:553,34,0,0
BRDA:553,34,1,0
BRDA:574,35,0,0
BRDA:574,35,1,0
BRDA:574,36,0,0
BRDA:574,36,1,0
BRDA:585,37,0,0
BRDA:585,37,1,0
BRDA:590,38,0,0
BRDA:590,38,1,0
BRDA:611,39,0,0
BRDA:611,39,1,0
BRDA:620,40,0,0
BRDA:620,40,1,0
BRDA:629,41,0,0
BRDA:629,41,1,0
BRDA:653,42,0,0
BRDA:653,42,1,0
BRDA:683,43,0,0
BRDA:683,43,1,0
BRDA:683,43,2,0
BRDA:683,43,3,0
BRDA:683,43,4,0
BRDA:685,44,0,0
BRDA:685,44,1,0
BRDA:687,45,0,0
BRDA:687,45,1,0
BRDA:689,46,0,0
BRDA:689,46,1,0
BRDA:691,47,0,0
BRDA:691,47,1,0
BRDA:699,48,0,0
BRDA:699,48,1,0
BRDA:699,49,0,0
BRDA:699,49,1,0
BRDA:699,49,2,0
BRDA:703,50,0,0
BRDA:703,50,1,0
BRDA:703,51,0,0
BRDA:703,51,1,0
BRDA:707,52,0,0
BRDA:707,52,1,0
BRDA:707,53,0,0
BRDA:707,53,1,0
BRDA:716,54,0,0
BRDA:716,54,1,0
BRDA:735,55,0,0
BRDA:735,55,1,0
BRDA:739,56,0,0
BRDA:739,56,1,0
BRDA:745,57,0,0
BRDA:745,57,1,0
BRDA:751,58,0,0
BRDA:751,58,1,0
BRDA:758,59,0,0
BRDA:758,59,1,0
BRDA:774,60,0,0
BRDA:774,60,1,0
BRDA:778,61,0,0
BRDA:778,61,1,0
BRDA:794,62,0,0
BRDA:794,62,1,0
BRDA:794,63,0,0
BRDA:794,63,1,0
BRDA:805,64,0,0
BRDA:805,64,1,0
BRDA:840,65,0,0
BRDA:840,65,1,0
BRDA:840,66,0,0
BRDA:840,66,1,0
BRDA:899,67,0,0
BRDA:899,67,1,0
BRDA:915,68,0,0
BRDA:915,68,1,0
BRDA:916,69,0,0
BRDA:916,69,1,0
BRDA:918,70,0,0
BRDA:918,70,1,0
BRDA:919,71,0,0
BRDA:919,71,1,0
BRDA:935,72,0,0
BRDA:935,72,1,0
BRDA:937,73,0,0
BRDA:937,73,1,0
BRDA:939,74,0,0
BRDA:939,74,1,0
BRDA:941,75,0,0
BRDA:941,75,1,0
BRDA:947,76,0,0
BRDA:947,76,1,0
BRDA:955,77,0,0
BRDA:955,77,1,0
BRDA:956,78,0,0
BRDA:956,78,1,0
BRF:165
BRH:0
end_of_record
TN:
SF:src/framework/models/BaseModel.ts
FN:24,(anonymous_0)
FN:29,(anonymous_1)
FN:66,(anonymous_2)
FN:71,(anonymous_3)
FN:79,(anonymous_4)
FN:90,(anonymous_5)
FN:96,(anonymous_6)
FN:110,(anonymous_7)
FN:119,(anonymous_8)
FN:127,(anonymous_9)
FN:135,(anonymous_10)
FN:142,(anonymous_11)
FN:149,(anonymous_12)
FN:160,(anonymous_13)
FN:176,(anonymous_14)
FN:191,(anonymous_15)
FN:203,(anonymous_16)
FN:207,(anonymous_17)
FN:211,(anonymous_18)
FN:215,(anonymous_19)
FN:219,(anonymous_20)
FN:224,(anonymous_21)
FN:235,(anonymous_22)
FN:242,(anonymous_23)
FN:246,(anonymous_24)
FN:261,(anonymous_25)
FN:281,(anonymous_26)
FN:313,(anonymous_27)
FN:333,(anonymous_28)
FN:337,(anonymous_29)
FN:341,(anonymous_30)
FN:345,(anonymous_31)
FN:349,(anonymous_32)
FN:353,(anonymous_33)
FN:357,(anonymous_34)
FN:367,(anonymous_35)
FN:372,(anonymous_36)
FN:416,(anonymous_37)
FN:467,(anonymous_38)
FN:508,(anonymous_39)
FN:514,(anonymous_40)
FN:518,(anonymous_41)
FN:522,(anonymous_42)
FN:526,(anonymous_43)
FNF:44
FNH:0
FNDA:0,(anonymous_0)
FNDA:0,(anonymous_1)
FNDA:0,(anonymous_2)
FNDA:0,(anonymous_3)
FNDA:0,(anonymous_4)
FNDA:0,(anonymous_5)
FNDA:0,(anonymous_6)
FNDA:0,(anonymous_7)
FNDA:0,(anonymous_8)
FNDA:0,(anonymous_9)
FNDA:0,(anonymous_10)
FNDA:0,(anonymous_11)
FNDA:0,(anonymous_12)
FNDA:0,(anonymous_13)
FNDA:0,(anonymous_14)
FNDA:0,(anonymous_15)
FNDA:0,(anonymous_16)
FNDA:0,(anonymous_17)
FNDA:0,(anonymous_18)
FNDA:0,(anonymous_19)
FNDA:0,(anonymous_20)
FNDA:0,(anonymous_21)
FNDA:0,(anonymous_22)
FNDA:0,(anonymous_23)
FNDA:0,(anonymous_24)
FNDA:0,(anonymous_25)
FNDA:0,(anonymous_26)
FNDA:0,(anonymous_27)
FNDA:0,(anonymous_28)
FNDA:0,(anonymous_29)
FNDA:0,(anonymous_30)
FNDA:0,(anonymous_31)
FNDA:0,(anonymous_32)
FNDA:0,(anonymous_33)
FNDA:0,(anonymous_34)
FNDA:0,(anonymous_35)
FNDA:0,(anonymous_36)
FNDA:0,(anonymous_37)
FNDA:0,(anonymous_38)
FNDA:0,(anonymous_39)
FNDA:0,(anonymous_40)
FNDA:0,(anonymous_41)
FNDA:0,(anonymous_42)
FNDA:0,(anonymous_43)
DA:7,0
DA:8,0
DA:9,0
DA:10,0
DA:11,0
DA:12,0
DA:16,0
DA:17,0
DA:20,0
DA:21,0
DA:22,0
DA:25,0
DA:30,0
DA:32,0
DA:33,0
DA:36,0
DA:37,0
DA:40,0
DA:41,0
DA:44,0
DA:46,0
DA:47,0
DA:49,0
DA:50,0
DA:51,0
DA:53,0
DA:56,0
DA:58,0
DA:60,0
DA:63,0
DA:67,0
DA:68,0
DA:76,0
DA:83,0
DA:84,0
DA:85,0
DA:87,0
DA:91,0
DA:92,0
DA:93,0
DA:97,0
DA:100,0
DA:102,0
DA:103,0
DA:106,0
DA:116,0
DA:124,0
DA:132,0
DA:139,0
DA:145,0
DA:150,0
DA:151,0
DA:152,0
DA:153,0
DA:156,0
DA:157,0
DA:162,0
DA:163,0
DA:166,0
DA:167,0
DA:168,0
DA:169,0
DA:172,0
DA:180,0
DA:181,0
DA:182,0
DA:183,0
DA:186,0
DA:193,0
DA:195,0
DA:196,0
DA:197,0
DA:200,0
DA:204,0
DA:208,0
DA:212,0
DA:216,0
DA:220,0
DA:225,0
DA:228,0
DA:229,0
DA:230,0
DA:235,0
DA:236,0
DA:239,0
DA:243,0
DA:246,0
DA:247,0
DA:248,0
DA:253,0
DA:254,0
DA:257,0
DA:262,0
DA:263,0
DA:266,0
DA:267,0
DA:268,0
DA:269,0
DA:272,0
DA:274,0
DA:275,0
DA:278,0
DA:282,0
DA:285,0
DA:286,0
DA:287,0
DA:291,0
DA:292,0
DA:296,0
DA:297,0
DA:301,0
DA:302,0
DA:303,0
DA:304,0
DA:305,0
DA:306,0
DA:310,0
DA:314,0
DA:316,0
DA:318,0
DA:320,0
DA:322,0
DA:324,0
DA:326,0
DA:328,0
DA:334,0
DA:338,0
DA:342,0
DA:346,0
DA:350,0
DA:354,0
DA:358,0
DA:359,0
DA:361,0
DA:362,0
DA:368,0
DA:373,0
DA:374,0
DA:375,0
DA:376,0
DA:379,0
DA:381,0
DA:382,0
DA:384,0
DA:385,0
DA:386,0
DA:389,0
DA:393,0
DA:396,0
DA:398,0
DA:399,0
DA:406,0
DA:407,0
DA:411,0
DA:412,0
DA:417,0
DA:418,0
DA:419,0
DA:420,0
DA:423,0
DA:425,0
DA:426,0
DA:427,0
DA:428,0
DA:429,0
DA:432,0
DA:436,0
DA:443,0
DA:444,0
DA:445,0
DA:452,0
DA:453,0
DA:462,0
DA:463,0
DA:468,0
DA:469,0
DA:470,0
DA:471,0
DA:474,0
DA:476,0
DA:477,0
DA:478,0
DA:479,0
DA:480,0
DA:483,0
DA:487,0
DA:489,0
DA:490,0
DA:491,0
DA:497,0
DA:498,0
DA:501,0
DA:503,0
DA:504,0
DA:510,0
DA:515,0
DA:519,0
DA:523,0
DA:527,0
LF:199
LH:0
BRDA:24,0,0,0
BRDA:32,1,0,0
BRDA:32,1,1,0
BRDA:36,2,0,0
BRDA:36,2,1,0
BRDA:50,3,0,0
BRDA:50,3,1,0
BRDA:84,4,0,0
BRDA:84,4,1,0
BRDA:102,5,0,0
BRDA:102,5,1,0
BRDA:130,6,0,0
BRDA:151,7,0,0
BRDA:151,7,1,0
BRDA:162,8,0,0
BRDA:162,8,1,0
BRDA:167,9,0,0
BRDA:167,9,1,0
BRDA:181,10,0,0
BRDA:181,10,1,0
BRDA:196,11,0,0
BRDA:196,11,1,0
BRDA:229,12,0,0
BRDA:229,12,1,0
BRDA:229,13,0,0
BRDA:229,13,1,0
BRDA:243,14,0,0
BRDA:243,14,1,0
BRDA:247,15,0,0
BRDA:247,15,1,0
BRDA:247,16,0,0
BRDA:247,16,1,0
BRDA:247,16,2,0
BRDA:253,17,0,0
BRDA:253,17,1,0
BRDA:274,18,0,0
BRDA:274,18,1,0
BRDA:285,19,0,0
BRDA:285,19,1,0
BRDA:285,20,0,0
BRDA:285,20,1,0
BRDA:285,20,2,0
BRDA:285,20,3,0
BRDA:291,21,0,0
BRDA:291,21,1,0
BRDA:291,22,0,0
BRDA:291,22,1,0
BRDA:296,23,0,0
BRDA:296,23,1,0
BRDA:301,24,0,0
BRDA:301,24,1,0
BRDA:303,25,0,0
BRDA:303,25,1,0
BRDA:305,26,0,0
BRDA:305,26,1,0
BRDA:314,27,0,0
BRDA:314,27,1,0
BRDA:314,27,2,0
BRDA:314,27,3,0
BRDA:314,27,4,0
BRDA:314,27,5,0
BRDA:314,27,6,0
BRDA:318,28,0,0
BRDA:318,28,1,0
BRDA:324,29,0,0
BRDA:324,29,1,0
BRDA:326,30,0,0
BRDA:326,30,1,0
BRDA:326,30,2,0
BRDA:359,31,0,0
BRDA:359,31,1,0
BRDA:374,32,0,0
BRDA:374,32,1,0
BRDA:382,33,0,0
BRDA:382,33,1,0
BRDA:385,34,0,0
BRDA:385,34,1,0
BRDA:396,35,0,0
BRDA:396,35,1,0
BRDA:418,36,0,0
BRDA:418,36,1,0
BRDA:426,37,0,0
BRDA:426,37,1,0
BRDA:428,38,0,0
BRDA:428,38,1,0
BRDA:443,39,0,0
BRDA:443,39,1,0
BRDA:469,40,0,0
BRDA:469,40,1,0
BRDA:477,41,0,0
BRDA:477,41,1,0
BRDA:479,42,0,0
BRDA:479,42,1,0
BRDA:489,43,0,0
BRDA:489,43,1,0
BRDA:527,44,0,0
BRDA:527,44,1,0
BRF:97
BRH:0
end_of_record
TN:
SF:src/framework/models/decorators/Field.ts
FN:3,Field
FN:4,(anonymous_1)
FN:20,(anonymous_2)
FN:23,(anonymous_3)
FN:55,validateFieldValue
FN:91,isValidType
FN:111,getFieldConfig
FNF:7
FNH:0
FNDA:0,Field
FNDA:0,(anonymous_1)
FNDA:0,(anonymous_2)
FNDA:0,(anonymous_3)
FNDA:0,validateFieldValue
FNDA:0,isValidType
FNDA:0,getFieldConfig
DA:4,0
DA:6,0
DA:7,0
DA:11,0
DA:14,0
DA:17,0
DA:19,0
DA:21,0
DA:25,0
DA:28,0
DA:29,0
DA:30,0
DA:34,0
DA:35,0
DA:36,0
DA:44,0
DA:45,0
DA:60,0
DA:63,0
DA:64,0
DA:65,0
DA:69,0
DA:70,0
DA:74,0
DA:75,0
DA:79,0
DA:80,0
DA:81,0
DA:82,0
DA:83,0
DA:84,0
DA:88,0
DA:92,0
DA:94,0
DA:96,0
DA:98,0
DA:100,0
DA:102,0
DA:104,0
DA:106,0
DA:112,0
DA:113,0
DA:115,0
LF:43
LH:0
BRDA:6,0,0,0
BRDA:6,0,1,0
BRDA:25,1,0,0
BRDA:25,1,1,0
BRDA:29,2,0,0
BRDA:29,2,1,0
BRDA:35,3,0,0
BRDA:35,3,1,0
BRDA:44,4,0,0
BRDA:44,4,1,0
BRDA:63,5,0,0
BRDA:63,5,1,0
BRDA:63,6,0,0
BRDA:63,6,1,0
BRDA:63,6,2,0
BRDA:63,6,3,0
BRDA:69,7,0,0
BRDA:69,7,1,0
BRDA:69,8,0,0
BRDA:69,8,1,0
BRDA:74,9,0,0
BRDA:74,9,1,0
BRDA:79,10,0,0
BRDA:79,10,1,0
BRDA:81,11,0,0
BRDA:81,11,1,0
BRDA:83,12,0,0
BRDA:83,12,1,0
BRDA:92,13,0,0
BRDA:92,13,1,0
BRDA:92,13,2,0
BRDA:92,13,3,0
BRDA:92,13,4,0
BRDA:92,13,5,0
BRDA:92,13,6,0
BRDA:96,14,0,0
BRDA:96,14,1,0
BRDA:102,15,0,0
BRDA:102,15,1,0
BRDA:104,16,0,0
BRDA:104,16,1,0
BRDA:104,16,2,0
BRDA:112,17,0,0
BRDA:112,17,1,0
BRF:44
BRH:0
end_of_record
TN:
SF:src/framework/models/decorators/Model.ts
FN:6,Model
FN:7,(anonymous_1)
FN:25,autoDetectType
FNF:3
FNH:0
FNDA:0,Model
FNDA:0,(anonymous_1)
FNDA:0,autoDetectType
DA:7,0
DA:9,0
DA:10,0
DA:11,0
DA:12,0
DA:13,0
DA:16,0
DA:21,0
DA:27,0
DA:29,0
DA:30,0
DA:33,0
DA:34,0
DA:36,0
DA:37,0
DA:38,0
DA:40,0
DA:45,0
DA:46,0
DA:51,0
LF:20
LH:0
BRDA:6,0,0,0
BRDA:9,1,0,0
BRDA:9,1,1,0
BRDA:10,2,0,0
BRDA:10,2,1,0
BRDA:11,3,0,0
BRDA:11,3,1,0
BRDA:29,4,0,0
BRDA:29,4,1,0
BRDA:29,5,0,0
BRDA:29,5,1,0
BRDA:37,6,0,0
BRDA:37,6,1,0
BRDA:37,7,0,0
BRDA:37,7,1,0
BRDA:45,8,0,0
BRDA:45,8,1,0
BRF:17
BRH:0
end_of_record
TN:
SF:src/framework/models/decorators/hooks.ts
FN:1,BeforeCreate
FN:5,AfterCreate
FN:9,BeforeUpdate
FN:13,AfterUpdate
FN:17,BeforeDelete
FN:21,AfterDelete
FN:25,BeforeSave
FN:29,AfterSave
FN:33,registerHook
FN:52,getHooks
FNF:10
FNH:0
FNDA:0,BeforeCreate
FNDA:0,AfterCreate
FNDA:0,BeforeUpdate
FNDA:0,AfterUpdate
FNDA:0,BeforeDelete
FNDA:0,AfterDelete
FNDA:0,BeforeSave
FNDA:0,AfterSave
FNDA:0,registerHook
FNDA:0,getHooks
DA:2,0
DA:6,0
DA:10,0
DA:14,0
DA:18,0
DA:22,0
DA:26,0
DA:30,0
DA:35,0
DA:36,0
DA:40,0
DA:43,0
DA:46,0
DA:48,0
DA:53,0
DA:54,0
DA:56,0
LF:17
LH:0
BRDA:35,0,0,0
BRDA:35,0,1,0
BRDA:40,1,0,0
BRDA:40,1,1,0
BRDA:53,2,0,0
BRDA:53,2,1,0
BRDA:56,3,0,0
BRDA:56,3,1,0
BRF:8
BRH:0
end_of_record
TN:
SF:src/framework/models/decorators/relationships.ts
FN:4,BelongsTo
FN:9,(anonymous_1)
FN:23,HasMany
FN:28,(anonymous_3)
FN:43,HasOne
FN:48,(anonymous_5)
FN:62,ManyToMany
FN:68,(anonymous_7)
FN:83,registerRelationship
FN:97,createRelationshipProperty
FN:105,(anonymous_10)
FN:120,(anonymous_11)
FN:133,getRelationshipConfig
FNF:13
FNH:0
FNDA:0,BelongsTo
FNDA:0,(anonymous_1)
FNDA:0,HasMany
FNDA:0,(anonymous_3)
FNDA:0,HasOne
FNDA:0,(anonymous_5)
FNDA:0,ManyToMany
FNDA:0,(anonymous_7)
FNDA:0,registerRelationship
FNDA:0,createRelationshipProperty
FNDA:0,(anonymous_10)
FNDA:0,(anonymous_11)
FNDA:0,getRelationshipConfig
DA:9,0
DA:10,0
DA:18,0
DA:19,0
DA:28,0
DA:29,0
DA:38,0
DA:39,0
DA:48,0
DA:49,0
DA:57,0
DA:58,0
DA:68,0
DA:69,0
DA:78,0
DA:79,0
DA:85,0
DA:86,0
DA:90,0
DA:92,0
DA:102,0
DA:104,0
DA:107,0
DA:108,0
DA:111,0
DA:113,0
DA:115,0
DA:122,0
DA:123,0
DA:125,0
DA:137,0
DA:138,0
DA:140,0
LF:33
LH:0
BRDA:7,0,0,0
BRDA:14,1,0,0
BRDA:14,1,1,0
BRDA:26,2,0,0
BRDA:33,3,0,0
BRDA:33,3,1,0
BRDA:46,4,0,0
BRDA:53,5,0,0
BRDA:53,5,1,0
BRDA:66,6,0,0
BRDA:73,7,0,0
BRDA:73,7,1,0
BRDA:85,8,0,0
BRDA:85,8,1,0
BRDA:107,9,0,0
BRDA:107,9,1,0
BRDA:107,10,0,0
BRDA:107,10,1,0
BRDA:111,11,0,0
BRDA:111,11,1,0
BRDA:122,12,0,0
BRDA:122,12,1,0
BRDA:137,13,0,0
BRDA:137,13,1,0
BRF:24
BRH:0
end_of_record
TN:
SF:src/framework/pinning/PinningManager.ts
FN:64,(anonymous_0)
FN:82,(anonymous_1)
FN:99,(anonymous_2)
FN:168,(anonymous_3)
FN:195,(anonymous_4)
FN:210,(anonymous_5)
FN:265,(anonymous_6)
FN:273,(anonymous_7)
FN:279,(anonymous_8)
FN:280,(anonymous_9)
FN:297,(anonymous_10)
FN:317,(anonymous_11)
FN:342,(anonymous_12)
FN:347,(anonymous_13)
FN:348,(anonymous_14)
FN:361,(anonymous_15)
FN:368,(anonymous_16)
FN:384,(anonymous_17)
FN:431,(anonymous_18)
FN:432,(anonymous_19)
FN:433,(anonymous_20)
FN:440,(anonymous_21)
FN:448,(anonymous_22)
FN:459,(anonymous_23)
FN:461,(anonymous_24)
FN:475,(anonymous_25)
FN:481,(anonymous_26)
FN:482,(anonymous_27)
FN:490,(anonymous_28)
FN:503,(anonymous_29)
FN:507,(anonymous_30)
FN:508,(anonymous_31)
FN:510,(anonymous_32)
FN:520,(anonymous_33)
FN:526,(anonymous_34)
FN:533,(anonymous_35)
FN:552,(anonymous_36)
FN:554,(anonymous_37)
FN:554,(anonymous_38)
FN:570,(anonymous_39)
FN:571,(anonymous_40)
FN:575,(anonymous_41)
FN:580,(anonymous_42)
FN:594,(anonymous_43)
FNF:44
FNH:0
FNDA:0,(anonymous_0)
FNDA:0,(anonymous_1)
FNDA:0,(anonymous_2)
FNDA:0,(anonymous_3)
FNDA:0,(anonymous_4)
FNDA:0,(anonymous_5)
FNDA:0,(anonymous_6)
FNDA:0,(anonymous_7)
FNDA:0,(anonymous_8)
FNDA:0,(anonymous_9)
FNDA:0,(anonymous_10)
FNDA:0,(anonymous_11)
FNDA:0,(anonymous_12)
FNDA:0,(anonymous_13)
FNDA:0,(anonymous_14)
FNDA:0,(anonymous_15)
FNDA:0,(anonymous_16)
FNDA:0,(anonymous_17)
FNDA:0,(anonymous_18)
FNDA:0,(anonymous_19)
FNDA:0,(anonymous_20)
FNDA:0,(anonymous_21)
FNDA:0,(anonymous_22)
FNDA:0,(anonymous_23)
FNDA:0,(anonymous_24)
FNDA:0,(anonymous_25)
FNDA:0,(anonymous_26)
FNDA:0,(anonymous_27)
FNDA:0,(anonymous_28)
FNDA:0,(anonymous_29)
FNDA:0,(anonymous_30)
FNDA:0,(anonymous_31)
FNDA:0,(anonymous_32)
FNDA:0,(anonymous_33)
FNDA:0,(anonymous_34)
FNDA:0,(anonymous_35)
FNDA:0,(anonymous_36)
FNDA:0,(anonymous_37)
FNDA:0,(anonymous_38)
FNDA:0,(anonymous_39)
FNDA:0,(anonymous_40)
FNDA:0,(anonymous_41)
FNDA:0,(anonymous_42)
FNDA:0,(anonymous_43)
DA:56,0
DA:57,0
DA:58,0
DA:59,0
DA:60,0
DA:61,0
DA:62,0
DA:72,0
DA:73,0
DA:74,0
DA:75,0
DA:78,0
DA:83,0
DA:84,0
DA:92,0
DA:93,0
DA:105,0
DA:107,0
DA:108,0
DA:109,0
DA:112,0
DA:113,0
DA:114,0
DA:115,0
DA:119,0
DA:122,0
DA:125,0
DA:127,0
DA:128,0
DA:131,0
DA:135,0
DA:138,0
DA:150,0
DA:151,0
DA:153,0
DA:158,0
DA:160,0
DA:162,0
DA:163,0
DA:169,0
DA:170,0
DA:171,0
DA:172,0
DA:173,0
DA:177,0
DA:178,0
DA:179,0
DA:182,0
DA:183,0
DA:184,0
DA:186,0
DA:187,0
DA:189,0
DA:190,0
DA:196,0
DA:197,0
DA:198,0
DA:199,0
DA:203,0
DA:204,0
DA:205,0
DA:206,0
DA:211,0
DA:212,0
DA:214,0
DA:217,0
DA:218,0
DA:222,0
DA:223,0
DA:224,0
DA:225,0
DA:226,0
DA:230,0
DA:231,0
DA:232,0
DA:233,0
DA:237,0
DA:238,0
DA:239,0
DA:240,0
DA:241,0
DA:245,0
DA:246,0
DA:253,0
DA:255,0
DA:258,0
DA:261,0
DA:271,0
DA:272,0
DA:273,0
DA:276,0
DA:278,0
DA:279,0
DA:280,0
DA:282,0
DA:283,0
DA:287,0
DA:292,0
DA:294,0
DA:296,0
DA:297,0
DA:300,0
DA:301,0
DA:304,0
DA:307,0
DA:309,0
DA:310,0
DA:313,0
DA:318,0
DA:319,0
DA:322,0
DA:323,0
DA:325,0
DA:329,0
DA:330,0
DA:334,0
DA:335,0
DA:338,0
DA:343,0
DA:346,0
DA:347,0
DA:348,0
DA:350,0
DA:351,0
DA:353,0
DA:354,0
DA:357,0
DA:362,0
DA:365,0
DA:366,0
DA:367,0
DA:368,0
DA:371,0
DA:372,0
DA:377,0
DA:378,0
DA:379,0
DA:385,0
DA:386,0
DA:388,0
DA:389,0
DA:390,0
DA:392,0
DA:395,0
DA:396,0
DA:397,0
DA:398,0
DA:403,0
DA:404,0
DA:405,0
DA:410,0
DA:411,0
DA:412,0
DA:415,0
DA:416,0
DA:421,0
DA:422,0
DA:425,0
DA:426,0
DA:432,0
DA:433,0
DA:434,0
DA:441,0
DA:442,0
DA:443,0
DA:449,0
DA:450,0
DA:451,0
DA:453,0
DA:454,0
DA:460,0
DA:461,0
DA:462,0
DA:465,0
DA:466,0
DA:467,0
DA:468,0
DA:469,0
DA:470,0
DA:475,0
DA:477,0
DA:481,0
DA:482,0
DA:491,0
DA:492,0
DA:506,0
DA:507,0
DA:508,0
DA:510,0
DA:516,0
DA:521,0
DA:522,0
DA:525,0
DA:526,0
DA:529,0
DA:533,0
DA:538,0
DA:540,0
DA:553,0
DA:554,0
DA:556,0
DA:557,0
DA:560,0
DA:561,0
DA:562,0
DA:563,0
DA:564,0
DA:566,0
DA:571,0
DA:576,0
DA:581,0
DA:583,0
DA:584,0
DA:587,0
DA:588,0
DA:590,0
DA:595,0
DA:596,0
LF:218
LH:0
BRDA:66,0,0,0
BRDA:73,1,0,0
BRDA:73,1,1,0
BRDA:74,2,0,0
BRDA:74,2,1,0
BRDA:75,3,0,0
BRDA:75,3,1,0
BRDA:103,4,0,0
BRDA:107,5,0,0
BRDA:107,5,1,0
BRDA:113,6,0,0
BRDA:113,6,1,0
BRDA:127,7,0,0
BRDA:127,7,1,0
BRDA:168,8,0,0
BRDA:171,9,0,0
BRDA:171,9,1,0
BRDA:177,10,0,0
BRDA:177,10,1,0
BRDA:177,11,0,0
BRDA:177,11,1,0
BRDA:197,12,0,0
BRDA:197,12,1,0
BRDA:203,13,0,0
BRDA:203,13,1,0
BRDA:214,14,0,0
BRDA:214,14,1,0
BRDA:214,14,2,0
BRDA:214,14,3,0
BRDA:214,14,4,0
BRDA:214,14,5,0
BRDA:214,15,0,0
BRDA:214,15,1,0
BRDA:217,16,0,0
BRDA:217,16,1,0
BRDA:222,17,0,0
BRDA:222,17,1,0
BRDA:225,18,0,0
BRDA:225,18,1,0
BRDA:232,19,0,0
BRDA:232,19,1,0
BRDA:238,20,0,0
BRDA:238,20,1,0
BRDA:240,21,0,0
BRDA:240,21,1,0
BRDA:245,22,0,0
BRDA:245,22,1,0
BRDA:251,23,0,0
BRDA:251,23,1,0
BRDA:253,24,0,0
BRDA:253,24,1,0
BRDA:258,25,0,0
BRDA:258,25,1,0
BRDA:271,26,0,0
BRDA:271,26,1,0
BRDA:276,27,0,0
BRDA:276,27,1,0
BRDA:282,28,0,0
BRDA:282,28,1,0
BRDA:282,29,0,0
BRDA:282,29,1,0
BRDA:294,30,0,0
BRDA:294,30,1,0
BRDA:300,31,0,0
BRDA:300,31,1,0
BRDA:300,32,0,0
BRDA:300,32,1,0
BRDA:307,33,0,0
BRDA:307,33,1,0
BRDA:319,34,0,0
BRDA:319,34,1,0
BRDA:323,35,0,0
BRDA:323,35,1,0
BRDA:329,36,0,0
BRDA:329,36,1,0
BRDA:334,37,0,0
BRDA:334,37,1,0
BRDA:351,38,0,0
BRDA:351,38,1,0
BRDA:365,39,0,0
BRDA:365,39,1,0
BRDA:377,40,0,0
BRDA:377,40,1,0
BRDA:390,41,0,0
BRDA:390,41,1,0
BRDA:395,42,0,0
BRDA:395,42,1,0
BRDA:397,43,0,0
BRDA:397,43,1,0
BRDA:403,44,0,0
BRDA:403,44,1,0
BRDA:404,45,0,0
BRDA:404,45,1,0
BRDA:411,46,0,0
BRDA:411,46,1,0
BRDA:411,47,0,0
BRDA:411,47,1,0
BRDA:415,48,0,0
BRDA:415,48,1,0
BRDA:415,49,0,0
BRDA:415,49,1,0
BRDA:425,50,0,0
BRDA:425,50,1,0
BRDA:441,51,0,0
BRDA:441,51,1,0
BRDA:451,52,0,0
BRDA:451,52,1,0
BRDA:451,52,2,0
BRDA:467,53,0,0
BRDA:467,53,1,0
BRDA:468,54,0,0
BRDA:468,54,1,0
BRDA:469,55,0,0
BRDA:469,55,1,0
BRDA:480,56,0,0
BRDA:480,56,1,0
BRDA:481,57,0,0
BRDA:481,57,1,0
BRDA:482,58,0,0
BRDA:482,58,1,0
BRDA:483,59,0,0
BRDA:483,59,1,0
BRDA:484,60,0,0
BRDA:484,60,1,0
BRDA:529,61,0,0
BRDA:529,61,1,0
BRDA:533,62,0,0
BRDA:533,62,1,0
BRDA:538,63,0,0
BRDA:538,63,1,0
BRDA:556,64,0,0
BRDA:556,64,1,0
BRF:132
BRH:0
end_of_record
TN:
SF:src/framework/pubsub/PubSubManager.ts
FN:96,(anonymous_0)
FN:134,(anonymous_1)
FN:136,(anonymous_2)
FN:146,(anonymous_3)
FN:154,(anonymous_4)
FN:168,(anonymous_5)
FN:201,(anonymous_6)
FN:245,(anonymous_7)
FN:278,(anonymous_8)
FN:301,(anonymous_9)
FN:312,(anonymous_10)
FN:341,(anonymous_11)
FN:350,(anonymous_12)
FN:373,(anonymous_13)
FN:382,(anonymous_14)
FN:397,(anonymous_15)
FN:416,(anonymous_16)
FN:455,(anonymous_17)
FN:467,(anonymous_18)
FN:475,(anonymous_19)
FN:502,(anonymous_20)
FN:539,(anonymous_21)
FN:558,(anonymous_22)
FN:566,(anonymous_23)
FN:577,(anonymous_24)
FN:578,(anonymous_25)
FN:584,(anonymous_26)
FN:616,(anonymous_27)
FN:636,(anonymous_28)
FN:640,(anonymous_29)
FN:645,(anonymous_30)
FN:650,(anonymous_31)
FN:655,(anonymous_32)
FN:660,(anonymous_33)
FN:666,(anonymous_34)
FN:672,(anonymous_35)
FN:691,(anonymous_36)
FNF:37
FNH:0
FNDA:0,(anonymous_0)
FNDA:0,(anonymous_1)
FNDA:0,(anonymous_2)
FNDA:0,(anonymous_3)
FNDA:0,(anonymous_4)
FNDA:0,(anonymous_5)
FNDA:0,(anonymous_6)
FNDA:0,(anonymous_7)
FNDA:0,(anonymous_8)
FNDA:0,(anonymous_9)
FNDA:0,(anonymous_10)
FNDA:0,(anonymous_11)
FNDA:0,(anonymous_12)
FNDA:0,(anonymous_13)
FNDA:0,(anonymous_14)
FNDA:0,(anonymous_15)
FNDA:0,(anonymous_16)
FNDA:0,(anonymous_17)
FNDA:0,(anonymous_18)
FNDA:0,(anonymous_19)
FNDA:0,(anonymous_20)
FNDA:0,(anonymous_21)
FNDA:0,(anonymous_22)
FNDA:0,(anonymous_23)
FNDA:0,(anonymous_24)
FNDA:0,(anonymous_25)
FNDA:0,(anonymous_26)
FNDA:0,(anonymous_27)
FNDA:0,(anonymous_28)
FNDA:0,(anonymous_29)
FNDA:0,(anonymous_30)
FNDA:0,(anonymous_31)
FNDA:0,(anonymous_32)
FNDA:0,(anonymous_33)
FNDA:0,(anonymous_34)
FNDA:0,(anonymous_35)
FNDA:0,(anonymous_36)
DA:87,0
DA:88,0
DA:89,0
DA:91,0
DA:93,0
DA:94,0
DA:97,0
DA:98,0
DA:100,0
DA:122,0
DA:135,0
DA:136,0
DA:137,0
DA:138,0
DA:140,0
DA:143,0
DA:147,0
DA:148,0
DA:150,0
DA:151,0
DA:155,0
DA:156,0
DA:158,0
DA:159,0
DA:160,0
DA:161,0
DA:164,0
DA:169,0
DA:170,0
DA:171,0
DA:174,0
DA:175,0
DA:178,0
DA:179,0
DA:183,0
DA:184,0
DA:188,0
DA:189,0
DA:192,0
DA:193,0
DA:195,0
DA:196,0
DA:212,0
DA:213,0
DA:216,0
DA:226,0
DA:228,0
DA:231,0
DA:232,0
DA:234,0
DA:237,0
DA:238,0
DA:239,0
DA:240,0
DA:255,0
DA:256,0
DA:259,0
DA:261,0
DA:262,0
DA:274,0
DA:275,0
DA:278,0
DA:279,0
DA:283,0
DA:284,0
DA:287,0
DA:289,0
DA:290,0
DA:292,0
DA:294,0
DA:295,0
DA:296,0
DA:302,0
DA:303,0
DA:305,0
DA:306,0
DA:309,0
DA:310,0
DA:312,0
DA:313,0
DA:314,0
DA:315,0
DA:319,0
DA:320,0
DA:324,0
DA:325,0
DA:326,0
DA:327,0
DA:330,0
DA:331,0
DA:333,0
DA:335,0
DA:336,0
DA:342,0
DA:350,0
DA:351,0
DA:352,0
DA:354,0
DA:362,0
DA:374,0
DA:382,0
DA:383,0
DA:384,0
DA:386,0
DA:398,0
DA:399,0
DA:402,0
DA:403,0
DA:406,0
DA:407,0
DA:410,0
DA:411,0
DA:412,0
DA:413,0
DA:415,0
DA:416,0
DA:419,0
DA:421,0
DA:422,0
DA:424,0
DA:425,0
DA:429,0
DA:431,0
DA:432,0
DA:435,0
DA:436,0
DA:446,0
DA:448,0
DA:449,0
DA:450,0
DA:460,0
DA:461,0
DA:463,0
DA:464,0
DA:467,0
DA:468,0
DA:470,0
DA:476,0
DA:479,0
DA:489,0
DA:498,0
DA:503,0
DA:504,0
DA:507,0
DA:513,0
DA:518,0
DA:521,0
DA:522,0
DA:523,0
DA:527,0
DA:528,0
DA:531,0
DA:533,0
DA:534,0
DA:544,0
DA:545,0
DA:546,0
DA:548,0
DA:549,0
DA:551,0
DA:553,0
DA:554,0
DA:557,0
DA:558,0
DA:562,0
DA:567,0
DA:569,0
DA:572,0
DA:573,0
DA:578,0
DA:579,0
DA:585,0
DA:587,0
DA:588,0
DA:590,0
DA:593,0
DA:594,0
DA:595,0
DA:596,0
DA:598,0
DA:602,0
DA:603,0
DA:604,0
DA:605,0
DA:606,0
DA:609,0
DA:610,0
DA:621,0
DA:622,0
DA:630,0
DA:631,0
DA:632,0
DA:637,0
DA:641,0
DA:642,0
DA:646,0
DA:651,0
DA:656,0
DA:661,0
DA:662,0
DA:667,0
DA:668,0
DA:673,0
DA:675,0
DA:676,0
DA:677,0
DA:679,0
DA:683,0
DA:684,0
DA:685,0
DA:687,0
DA:692,0
DA:695,0
DA:696,0
DA:697,0
DA:701,0
DA:704,0
DA:707,0
DA:709,0
DA:710,0
LF:220
LH:0
BRDA:96,0,0,0
BRDA:135,1,0,0
BRDA:135,1,1,0
BRDA:147,2,0,0
BRDA:147,2,1,0
BRDA:155,3,0,0
BRDA:155,3,1,0
BRDA:158,4,0,0
BRDA:158,4,1,0
BRDA:160,5,0,0
BRDA:160,5,1,0
BRDA:169,6,0,0
BRDA:169,6,1,0
BRDA:178,7,0,0
BRDA:178,7,1,0
BRDA:183,8,0,0
BRDA:183,8,1,0
BRDA:188,9,0,0
BRDA:188,9,1,0
BRDA:204,10,0,0
BRDA:212,11,0,0
BRDA:212,11,1,0
BRDA:212,12,0,0
BRDA:212,12,1,0
BRDA:231,13,0,0
BRDA:231,13,1,0
BRDA:231,14,0,0
BRDA:231,14,1,0
BRDA:248,15,0,0
BRDA:255,16,0,0
BRDA:255,16,1,0
BRDA:255,17,0,0
BRDA:255,17,1,0
BRDA:268,18,0,0
BRDA:268,18,1,0
BRDA:274,19,0,0
BRDA:274,19,1,0
BRDA:305,20,0,0
BRDA:305,20,1,0
BRDA:310,21,0,0
BRDA:310,21,1,0
BRDA:313,22,0,0
BRDA:313,22,1,0
BRDA:324,23,0,0
BRDA:324,23,1,0
BRDA:352,24,0,0
BRDA:352,24,1,0
BRDA:363,25,0,0
BRDA:363,25,1,0
BRDA:384,26,0,0
BRDA:384,26,1,0
BRDA:387,27,0,0
BRDA:387,27,1,0
BRDA:403,28,0,0
BRDA:403,28,1,0
BRDA:412,29,0,0
BRDA:412,29,1,0
BRDA:419,30,0,0
BRDA:419,30,1,0
BRDA:424,31,0,0
BRDA:424,31,1,0
BRDA:424,32,0,0
BRDA:424,32,1,0
BRDA:435,33,0,0
BRDA:435,33,1,0
BRDA:439,34,0,0
BRDA:439,34,1,0
BRDA:458,35,0,0
BRDA:463,36,0,0
BRDA:463,36,1,0
BRDA:479,37,0,0
BRDA:479,37,1,0
BRDA:480,38,0,0
BRDA:480,38,1,0
BRDA:480,38,2,0
BRDA:489,39,0,0
BRDA:489,39,1,0
BRDA:490,40,0,0
BRDA:490,40,1,0
BRDA:490,40,2,0
BRDA:507,41,0,0
BRDA:507,41,1,0
BRDA:507,42,0,0
BRDA:507,42,1,0
BRDA:513,43,0,0
BRDA:513,43,1,0
BRDA:521,44,0,0
BRDA:521,44,1,0
BRDA:521,45,0,0
BRDA:521,45,1,0
BRDA:521,45,2,0
BRDA:527,46,0,0
BRDA:527,46,1,0
BRDA:542,47,0,0
BRDA:553,48,0,0
BRDA:553,48,1,0
BRDA:567,49,0,0
BRDA:567,49,1,0
BRDA:585,50,0,0
BRDA:585,50,1,0
BRDA:595,51,0,0
BRDA:595,51,1,0
BRDA:621,52,0,0
BRDA:621,52,1,0
BRDA:662,53,0,0
BRDA:662,53,1,0
BRDA:668,54,0,0
BRDA:668,54,1,0
BRDA:695,55,0,0
BRDA:695,55,1,0
BRF:110
BRH:0
end_of_record
TN:
SF:src/framework/query/QueryBuilder.ts
FN:16,(anonymous_0)
FN:21,(anonymous_1)
FN:26,(anonymous_2)
FN:30,(anonymous_3)
FN:34,(anonymous_4)
FN:38,(anonymous_5)
FN:42,(anonymous_6)
FN:46,(anonymous_7)
FN:50,(anonymous_8)
FN:54,(anonymous_9)
FN:59,(anonymous_10)
FN:63,(anonymous_11)
FN:71,(anonymous_12)
FN:75,(anonymous_13)
FN:79,(anonymous_14)
FN:84,(anonymous_15)
FN:88,(anonymous_16)
FN:98,(anonymous_17)
FN:112,(anonymous_18)
FN:116,(anonymous_19)
FN:120,(anonymous_20)
FN:124,(anonymous_21)
FN:129,(anonymous_22)
FN:134,(anonymous_23)
FN:138,(anonymous_24)
FN:144,(anonymous_25)
FN:145,(anonymous_26)
FN:150,(anonymous_27)
FN:155,(anonymous_28)
FN:160,(anonymous_29)
FN:164,(anonymous_30)
FN:169,(anonymous_31)
FN:176,(anonymous_32)
FN:181,(anonymous_33)
FN:185,(anonymous_34)
FN:193,(anonymous_35)
FN:198,(anonymous_36)
FN:204,(anonymous_37)
FN:210,(anonymous_38)
FN:215,(anonymous_39)
FN:219,(anonymous_40)
FN:224,(anonymous_41)
FN:232,(anonymous_42)
FN:236,(anonymous_43)
FN:244,(anonymous_44)
FN:249,(anonymous_45)
FN:254,(anonymous_46)
FN:259,(anonymous_47)
FN:264,(anonymous_48)
FN:269,(anonymous_49)
FN:275,(anonymous_50)
FN:304,(anonymous_51)
FN:331,(anonymous_52)
FN:337,(anonymous_53)
FN:344,(anonymous_54)
FN:354,(anonymous_55)
FN:358,(anonymous_56)
FN:362,(anonymous_57)
FN:366,(anonymous_58)
FN:370,(anonymous_59)
FN:374,(anonymous_60)
FN:378,(anonymous_61)
FN:382,(anonymous_62)
FN:386,(anonymous_63)
FN:391,(anonymous_64)
FN:406,(anonymous_65)
FN:412,(anonymous_66)
FN:419,(anonymous_67)
FN:435,(anonymous_68)
FNF:69
FNH:0
FNDA:0,(anonymous_0)
FNDA:0,(anonymous_1)
FNDA:0,(anonymous_2)
FNDA:0,(anonymous_3)
FNDA:0,(anonymous_4)
FNDA:0,(anonymous_5)
FNDA:0,(anonymous_6)
FNDA:0,(anonymous_7)
FNDA:0,(anonymous_8)
FNDA:0,(anonymous_9)
FNDA:0,(anonymous_10)
FNDA:0,(anonymous_11)
FNDA:0,(anonymous_12)
FNDA:0,(anonymous_13)
FNDA:0,(anonymous_14)
FNDA:0,(anonymous_15)
FNDA:0,(anonymous_16)
FNDA:0,(anonymous_17)
FNDA:0,(anonymous_18)
FNDA:0,(anonymous_19)
FNDA:0,(anonymous_20)
FNDA:0,(anonymous_21)
FNDA:0,(anonymous_22)
FNDA:0,(anonymous_23)
FNDA:0,(anonymous_24)
FNDA:0,(anonymous_25)
FNDA:0,(anonymous_26)
FNDA:0,(anonymous_27)
FNDA:0,(anonymous_28)
FNDA:0,(anonymous_29)
FNDA:0,(anonymous_30)
FNDA:0,(anonymous_31)
FNDA:0,(anonymous_32)
FNDA:0,(anonymous_33)
FNDA:0,(anonymous_34)
FNDA:0,(anonymous_35)
FNDA:0,(anonymous_36)
FNDA:0,(anonymous_37)
FNDA:0,(anonymous_38)
FNDA:0,(anonymous_39)
FNDA:0,(anonymous_40)
FNDA:0,(anonymous_41)
FNDA:0,(anonymous_42)
FNDA:0,(anonymous_43)
FNDA:0,(anonymous_44)
FNDA:0,(anonymous_45)
FNDA:0,(anonymous_46)
FNDA:0,(anonymous_47)
FNDA:0,(anonymous_48)
FNDA:0,(anonymous_49)
FNDA:0,(anonymous_50)
FNDA:0,(anonymous_51)
FNDA:0,(anonymous_52)
FNDA:0,(anonymous_53)
FNDA:0,(anonymous_54)
FNDA:0,(anonymous_55)
FNDA:0,(anonymous_56)
FNDA:0,(anonymous_57)
FNDA:0,(anonymous_58)
FNDA:0,(anonymous_59)
FNDA:0,(anonymous_60)
FNDA:0,(anonymous_61)
FNDA:0,(anonymous_62)
FNDA:0,(anonymous_63)
FNDA:0,(anonymous_64)
FNDA:0,(anonymous_65)
FNDA:0,(anonymous_66)
FNDA:0,(anonymous_67)
FNDA:0,(anonymous_68)
DA:7,0
DA:8,0
DA:9,0
DA:12,0
DA:13,0
DA:14,0
DA:17,0
DA:22,0
DA:23,0
DA:27,0
DA:31,0
DA:35,0
DA:39,0
DA:43,0
DA:47,0
DA:51,0
DA:55,0
DA:60,0
DA:68,0
DA:72,0
DA:76,0
DA:80,0
DA:85,0
DA:89,0
DA:94,0
DA:99,0
DA:100,0
DA:102,0
DA:108,0
DA:113,0
DA:117,0
DA:121,0
DA:125,0
DA:130,0
DA:131,0
DA:135,0
DA:139,0
DA:140,0
DA:145,0
DA:146,0
DA:151,0
DA:152,0
DA:156,0
DA:157,0
DA:161,0
DA:165,0
DA:170,0
DA:171,0
DA:172,0
DA:177,0
DA:178,0
DA:182,0
DA:187,0
DA:189,0
DA:194,0
DA:195,0
DA:199,0
DA:200,0
DA:205,0
DA:206,0
DA:211,0
DA:212,0
DA:216,0
DA:220,0
DA:221,0
DA:225,0
DA:226,0
DA:227,0
DA:229,0
DA:233,0
DA:237,0
DA:238,0
DA:239,0
DA:241,0
DA:245,0
DA:246,0
DA:250,0
DA:251,0
DA:255,0
DA:256,0
DA:260,0
DA:261,0
DA:265,0
DA:266,0
DA:270,0
DA:271,0
DA:287,0
DA:288,0
DA:290,0
DA:292,0
DA:308,0
DA:309,0
DA:311,0
DA:312,0
DA:314,0
DA:315,0
DA:318,0
DA:321,0
DA:322,0
DA:325,0
DA:326,0
DA:333,0
DA:334,0
DA:339,0
DA:340,0
DA:345,0
DA:350,0
DA:355,0
DA:359,0
DA:363,0
DA:367,0
DA:371,0
DA:375,0
DA:379,0
DA:383,0
DA:387,0
DA:392,0
DA:393,0
DA:394,0
DA:395,0
DA:396,0
DA:397,0
DA:398,0
DA:399,0
DA:400,0
DA:402,0
DA:408,0
DA:410,0
DA:411,0
DA:412,0
DA:414,0
DA:417,0
DA:418,0
DA:419,0
DA:421,0
DA:424,0
DA:425,0
DA:428,0
DA:429,0
DA:432,0
DA:436,0
LF:141
LH:0
BRDA:129,0,0,0
BRDA:221,1,0,0
BRDA:221,1,1,0
BRDA:226,2,0,0
BRDA:226,2,1,0
BRDA:238,3,0,0
BRDA:238,3,1,0
BRDA:276,4,0,0
BRDA:277,5,0,0
BRDA:314,6,0,0
BRDA:314,6,1,0
BRDA:321,7,0,0
BRDA:321,7,1,0
BRDA:344,8,0,0
BRDA:410,9,0,0
BRDA:410,9,1,0
BRDA:417,10,0,0
BRDA:417,10,1,0
BRDA:424,11,0,0
BRDA:424,11,1,0
BRDA:428,12,0,0
BRDA:428,12,1,0
BRF:22
BRH:0
end_of_record
TN:
SF:src/framework/query/QueryCache.ts
FN:27,(anonymous_0)
FN:41,(anonymous_1)
FN:53,(anonymous_2)
FN:64,(anonymous_3)
FN:91,(anonymous_4)
FN:94,(anonymous_5)
FN:99,(anonymous_6)
FN:118,(anonymous_7)
FN:125,(anonymous_8)
FN:139,(anonymous_9)
FN:154,(anonymous_10)
FN:163,(anonymous_11)
FN:168,(anonymous_12)
FN:171,(anonymous_13)
FN:186,(anonymous_14)
FN:188,(anonymous_15)
FN:193,(anonymous_16)
FN:197,(anonymous_17)
FN:211,(anonymous_18)
FN:223,(anonymous_19)
FN:233,(anonymous_20)
FN:238,(anonymous_21)
FN:247,(anonymous_22)
FN:248,(anonymous_23)
FN:251,(anonymous_24)
FN:263,(anonymous_25)
FN:287,(anonymous_26)
FN:297,(anonymous_27)
FN:303,(anonymous_28)
FNF:29
FNH:0
FNDA:0,(anonymous_0)
FNDA:0,(anonymous_1)
FNDA:0,(anonymous_2)
FNDA:0,(anonymous_3)
FNDA:0,(anonymous_4)
FNDA:0,(anonymous_5)
FNDA:0,(anonymous_6)
FNDA:0,(anonymous_7)
FNDA:0,(anonymous_8)
FNDA:0,(anonymous_9)
FNDA:0,(anonymous_10)
FNDA:0,(anonymous_11)
FNDA:0,(anonymous_12)
FNDA:0,(anonymous_13)
FNDA:0,(anonymous_14)
FNDA:0,(anonymous_15)
FNDA:0,(anonymous_16)
FNDA:0,(anonymous_17)
FNDA:0,(anonymous_18)
FNDA:0,(anonymous_19)
FNDA:0,(anonymous_20)
FNDA:0,(anonymous_21)
FNDA:0,(anonymous_22)
FNDA:0,(anonymous_23)
FNDA:0,(anonymous_24)
FNDA:0,(anonymous_25)
FNDA:0,(anonymous_26)
FNDA:0,(anonymous_27)
FNDA:0,(anonymous_28)
DA:22,0
DA:29,0
DA:30,0
DA:31,0
DA:42,0
DA:43,0
DA:44,0
DA:45,0
DA:46,0
DA:47,0
DA:50,0
DA:53,0
DA:61,0
DA:65,0
DA:67,0
DA:68,0
DA:70,0
DA:71,0
DA:72,0
DA:73,0
DA:77,0
DA:78,0
DA:79,0
DA:80,0
DA:81,0
DA:85,0
DA:86,0
DA:87,0
DA:90,0
DA:91,0
DA:95,0
DA:96,0
DA:99,0
DA:101,0
DA:110,0
DA:111,0
DA:114,0
DA:115,0
DA:119,0
DA:120,0
DA:121,0
DA:122,0
DA:126,0
DA:128,0
DA:129,0
DA:130,0
DA:131,0
DA:135,0
DA:136,0
DA:140,0
DA:142,0
DA:144,0
DA:145,0
DA:146,0
DA:150,0
DA:151,0
DA:155,0
DA:156,0
DA:157,0
DA:158,0
DA:159,0
DA:160,0
DA:164,0
DA:169,0
DA:171,0
DA:172,0
DA:173,0
DA:174,0
DA:175,0
DA:177,0
DA:181,0
DA:182,0
DA:187,0
DA:188,0
DA:193,0
DA:198,0
DA:199,0
DA:201,0
DA:202,0
DA:203,0
DA:207,0
DA:212,0
DA:214,0
DA:215,0
DA:218,0
DA:219,0
DA:224,0
DA:225,0
DA:228,0
DA:229,0
DA:234,0
DA:244,0
DA:245,0
DA:247,0
DA:248,0
DA:251,0
DA:252,0
DA:255,0
DA:264,0
DA:267,0
DA:268,0
DA:270,0
DA:272,0
DA:273,0
DA:275,0
DA:276,0
DA:277,0
DA:281,0
DA:282,0
DA:283,0
DA:289,0
DA:290,0
DA:291,0
DA:293,0
DA:298,0
DA:299,0
DA:304,0
DA:305,0
DA:307,0
DA:308,0
DA:309,0
DA:310,0
DA:313,0
LF:123
LH:0
BRDA:27,0,0,0
BRDA:27,1,0,0
BRDA:56,2,0,0
BRDA:56,2,1,0
BRDA:57,3,0,0
BRDA:57,3,1,0
BRDA:70,4,0,0
BRDA:70,4,1,0
BRDA:77,5,0,0
BRDA:77,5,1,0
BRDA:96,6,0,0
BRDA:96,6,1,0
BRDA:110,7,0,0
BRDA:110,7,1,0
BRDA:129,8,0,0
BRDA:129,8,1,0
BRDA:144,9,0,0
BRDA:144,9,1,0
BRDA:186,10,0,0
BRDA:202,11,0,0
BRDA:202,11,1,0
BRDA:257,12,0,0
BRDA:257,12,1,0
BRDA:258,13,0,0
BRDA:258,13,1,0
BRDA:264,14,0,0
BRDA:264,14,1,0
BRDA:275,15,0,0
BRDA:275,15,1,0
BRDA:281,16,0,0
BRDA:281,16,1,0
BRDA:298,17,0,0
BRDA:298,17,1,0
BRDA:305,18,0,0
BRDA:305,18,1,0
BRF:35
BRH:0
end_of_record
TN:
SF:src/framework/query/QueryExecutor.ts
FN:14,(anonymous_0)
FN:20,(anonymous_1)
FN:58,(anonymous_2)
FN:63,(anonymous_3)
FN:65,(anonymous_4)
FN:71,(anonymous_5)
FN:79,(anonymous_6)
FN:83,(anonymous_7)
FN:89,(anonymous_8)
FN:93,(anonymous_9)
FN:99,(anonymous_10)
FN:103,(anonymous_11)
FN:113,(anonymous_12)
FN:121,(anonymous_13)
FN:145,(anonymous_14)
FN:160,(anonymous_15)
FN:173,(anonymous_16)
FN:184,(anonymous_17)
FN:194,(anonymous_18)
FN:201,(anonymous_19)
FN:215,(anonymous_20)
FN:231,(anonymous_21)
FN:244,(anonymous_22)
FN:266,(anonymous_23)
FN:269,(anonymous_24)
FN:286,(anonymous_25)
FN:325,(anonymous_26)
FN:340,(anonymous_27)
FN:352,(anonymous_28)
FN:355,(anonymous_29)
FN:356,(anonymous_30)
FN:362,(anonymous_31)
FN:367,(anonymous_32)
FN:471,(anonymous_33)
FN:493,(anonymous_34)
FN:500,(anonymous_35)
FN:516,(anonymous_36)
FN:523,(anonymous_37)
FN:542,(anonymous_38)
FN:559,(anonymous_39)
FN:569,(anonymous_40)
FN:586,(anonymous_41)
FN:591,(anonymous_42)
FN:596,(anonymous_43)
FN:600,(anonymous_44)
FN:612,(anonymous_45)
FNF:46
FNH:0
FNDA:0,(anonymous_0)
FNDA:0,(anonymous_1)
FNDA:0,(anonymous_2)
FNDA:0,(anonymous_3)
FNDA:0,(anonymous_4)
FNDA:0,(anonymous_5)
FNDA:0,(anonymous_6)
FNDA:0,(anonymous_7)
FNDA:0,(anonymous_8)
FNDA:0,(anonymous_9)
FNDA:0,(anonymous_10)
FNDA:0,(anonymous_11)
FNDA:0,(anonymous_12)
FNDA:0,(anonymous_13)
FNDA:0,(anonymous_14)
FNDA:0,(anonymous_15)
FNDA:0,(anonymous_16)
FNDA:0,(anonymous_17)
FNDA:0,(anonymous_18)
FNDA:0,(anonymous_19)
FNDA:0,(anonymous_20)
FNDA:0,(anonymous_21)
FNDA:0,(anonymous_22)
FNDA:0,(anonymous_23)
FNDA:0,(anonymous_24)
FNDA:0,(anonymous_25)
FNDA:0,(anonymous_26)
FNDA:0,(anonymous_27)
FNDA:0,(anonymous_28)
FNDA:0,(anonymous_29)
FNDA:0,(anonymous_30)
FNDA:0,(anonymous_31)
FNDA:0,(anonymous_32)
FNDA:0,(anonymous_33)
FNDA:0,(anonymous_34)
FNDA:0,(anonymous_35)
FNDA:0,(anonymous_36)
FNDA:0,(anonymous_37)
FNDA:0,(anonymous_38)
FNDA:0,(anonymous_39)
FNDA:0,(anonymous_40)
FNDA:0,(anonymous_41)
FNDA:0,(anonymous_42)
FNDA:0,(anonymous_43)
FNDA:0,(anonymous_44)
FNDA:0,(anonymous_45)
DA:12,0
DA:15,0
DA:16,0
DA:17,0
DA:21,0
DA:22,0
DA:25,0
DA:26,0
DA:31,0
DA:32,0
DA:33,0
DA:34,0
DA:35,0
DA:41,0
DA:42,0
DA:44,0
DA:48,0
DA:49,0
DA:52,0
DA:53,0
DA:55,0
DA:59,0
DA:60,0
DA:64,0
DA:65,0
DA:66,0
DA:67,0
DA:72,0
DA:73,0
DA:75,0
DA:76,0
DA:80,0
DA:81,0
DA:83,0
DA:84,0
DA:85,0
DA:90,0
DA:91,0
DA:93,0
DA:94,0
DA:95,0
DA:100,0
DA:103,0
DA:105,0
DA:106,0
DA:109,0
DA:114,0
DA:116,0
DA:118,0
DA:121,0
DA:122,0
DA:123,0
DA:128,0
DA:130,0
DA:131,0
DA:135,0
DA:138,0
DA:139,0
DA:142,0
DA:146,0
DA:149,0
DA:150,0
DA:152,0
DA:153,0
DA:154,0
DA:157,0
DA:160,0
DA:161,0
DA:163,0
DA:165,0
DA:166,0
DA:170,0
DA:176,0
DA:180,0
DA:181,0
DA:186,0
DA:187,0
DA:189,0
DA:190,0
DA:195,0
DA:197,0
DA:198,0
DA:201,0
DA:203,0
DA:205,0
DA:209,0
DA:210,0
DA:212,0
DA:213,0
DA:215,0
DA:216,0
DA:217,0
DA:220,0
DA:221,0
DA:222,0
DA:225,0
DA:228,0
DA:229,0
DA:231,0
DA:232,0
DA:234,0
DA:236,0
DA:237,0
DA:240,0
DA:248,0
DA:249,0
DA:251,0
DA:252,0
DA:256,0
DA:259,0
DA:262,0
DA:265,0
DA:266,0
DA:270,0
DA:272,0
DA:275,0
DA:277,0
DA:278,0
DA:279,0
DA:280,0
DA:282,0
DA:286,0
DA:287,0
DA:288,0
DA:293,0
DA:296,0
DA:297,0
DA:298,0
DA:299,0
DA:300,0
DA:301,0
DA:304,0
DA:308,0
DA:310,0
DA:311,0
DA:315,0
DA:318,0
DA:319,0
DA:322,0
DA:326,0
DA:327,0
DA:329,0
DA:332,0
DA:337,0
DA:338,0
DA:339,0
DA:340,0
DA:344,0
DA:347,0
DA:348,0
DA:353,0
DA:355,0
DA:356,0
DA:357,0
DA:363,0
DA:366,0
DA:367,0
DA:368,0
DA:372,0
DA:374,0
DA:375,0
DA:378,0
DA:380,0
DA:383,0
DA:387,0
DA:390,0
DA:394,0
DA:397,0
DA:401,0
DA:404,0
DA:407,0
DA:410,0
DA:413,0
DA:416,0
DA:419,0
DA:422,0
DA:425,0
DA:428,0
DA:431,0
DA:434,0
DA:437,0
DA:440,0
DA:443,0
DA:446,0
DA:449,0
DA:452,0
DA:457,0
DA:460,0
DA:463,0
DA:466,0
DA:467,0
DA:472,0
DA:473,0
DA:475,0
DA:477,0
DA:479,0
DA:481,0
DA:483,0
DA:485,0
DA:487,0
DA:489,0
DA:494,0
DA:495,0
DA:496,0
DA:497,0
DA:501,0
DA:502,0
DA:504,0
DA:506,0
DA:508,0
DA:510,0
DA:512,0
DA:517,0
DA:519,0
DA:520,0
DA:523,0
DA:524,0
DA:525,0
DA:526,0
DA:528,0
DA:530,0
DA:531,0
DA:533,0
DA:534,0
DA:538,0
DA:543,0
DA:544,0
DA:546,0
DA:548,0
DA:549,0
DA:552,0
DA:553,0
DA:556,0
DA:561,0
DA:564,0
DA:566,0
DA:570,0
DA:572,0
DA:573,0
DA:575,0
DA:576,0
DA:577,0
DA:579,0
DA:582,0
DA:587,0
DA:588,0
DA:592,0
DA:593,0
DA:597,0
DA:601,0
DA:602,0
DA:604,0
DA:613,0
DA:614,0
DA:615,0
DA:617,0
LF:256
LH:0
BRDA:31,0,0,0
BRDA:31,0,1,0
BRDA:31,1,0,0
BRDA:31,1,1,0
BRDA:33,2,0,0
BRDA:33,2,1,0
BRDA:41,3,0,0
BRDA:41,3,1,0
BRDA:48,4,0,0
BRDA:48,4,1,0
BRDA:48,5,0,0
BRDA:48,5,1,0
BRDA:48,5,2,0
BRDA:67,6,0,0
BRDA:67,6,1,0
BRDA:73,7,0,0
BRDA:73,7,1,0
BRDA:81,8,0,0
BRDA:81,8,1,0
BRDA:85,9,0,0
BRDA:85,9,1,0
BRDA:85,10,0,0
BRDA:85,10,1,0
BRDA:91,11,0,0
BRDA:91,11,1,0
BRDA:95,12,0,0
BRDA:95,12,1,0
BRDA:95,13,0,0
BRDA:95,13,1,0
BRDA:103,14,0,0
BRDA:103,14,1,0
BRDA:105,15,0,0
BRDA:105,15,1,0
BRDA:114,16,0,0
BRDA:114,16,1,0
BRDA:152,17,0,0
BRDA:152,17,1,0
BRDA:152,18,0,0
BRDA:152,18,1,0
BRDA:186,19,0,0
BRDA:186,19,1,0
BRDA:203,20,0,0
BRDA:203,20,1,0
BRDA:203,21,0,0
BRDA:203,21,1,0
BRDA:210,22,0,0
BRDA:210,22,1,0
BRDA:210,23,0,0
BRDA:210,23,1,0
BRDA:279,24,0,0
BRDA:279,24,1,0
BRDA:299,25,0,0
BRDA:299,25,1,0
BRDA:327,26,0,0
BRDA:327,26,1,0
BRDA:327,26,2,0
BRDA:327,26,3,0
BRDA:327,26,4,0
BRDA:340,27,0,0
BRDA:340,27,1,0
BRDA:366,28,0,0
BRDA:366,28,1,0
BRDA:372,29,0,0
BRDA:372,29,1,0
BRDA:380,30,0,0
BRDA:380,30,1,0
BRDA:380,30,2,0
BRDA:380,30,3,0
BRDA:380,30,4,0
BRDA:380,30,5,0
BRDA:380,30,6,0
BRDA:380,30,7,0
BRDA:380,30,8,0
BRDA:380,30,9,0
BRDA:380,30,10,0
BRDA:380,30,11,0
BRDA:380,30,12,0
BRDA:380,30,13,0
BRDA:380,30,14,0
BRDA:380,30,15,0
BRDA:380,30,16,0
BRDA:380,30,17,0
BRDA:380,30,18,0
BRDA:380,30,19,0
BRDA:380,30,20,0
BRDA:380,30,21,0
BRDA:380,30,22,0
BRDA:380,30,23,0
BRDA:380,30,24,0
BRDA:380,30,25,0
BRDA:380,30,26,0
BRDA:380,30,27,0
BRDA:380,30,28,0
BRDA:380,30,29,0
BRDA:380,30,30,0
BRDA:404,31,0,0
BRDA:404,31,1,0
BRDA:407,32,0,0
BRDA:407,32,1,0
BRDA:410,33,0,0
BRDA:410,33,1,0
BRDA:419,34,0,0
BRDA:419,34,1,0
BRDA:422,35,0,0
BRDA:422,35,1,0
BRDA:425,36,0,0
BRDA:425,36,1,0
BRDA:425,36,2,0
BRDA:428,37,0,0
BRDA:428,37,1,0
BRDA:431,38,0,0
BRDA:431,38,1,0
BRDA:434,39,0,0
BRDA:434,39,1,0
BRDA:437,40,0,0
BRDA:437,40,1,0
BRDA:440,41,0,0
BRDA:440,41,1,0
BRDA:440,41,2,0
BRDA:453,42,0,0
BRDA:453,42,1,0
BRDA:475,43,0,0
BRDA:475,43,1,0
BRDA:475,44,0,0
BRDA:475,44,1,0
BRDA:477,45,0,0
BRDA:477,45,1,0
BRDA:477,45,2,0
BRDA:477,45,3,0
BRDA:477,45,4,0
BRDA:477,45,5,0
BRDA:494,46,0,0
BRDA:494,46,1,0
BRDA:495,47,0,0
BRDA:495,47,1,0
BRDA:496,48,0,0
BRDA:496,48,1,0
BRDA:502,49,0,0
BRDA:502,49,1,0
BRDA:504,50,0,0
BRDA:504,50,1,0
BRDA:504,50,2,0
BRDA:504,50,3,0
BRDA:519,51,0,0
BRDA:519,51,1,0
BRDA:530,52,0,0
BRDA:530,52,1,0
BRDA:531,53,0,0
BRDA:531,53,1,0
BRDA:533,54,0,0
BRDA:533,54,1,0
BRDA:534,55,0,0
BRDA:534,55,1,0
BRDA:548,56,0,0
BRDA:548,56,1,0
BRDA:548,57,0,0
BRDA:548,57,1,0
BRDA:552,58,0,0
BRDA:552,58,1,0
BRDA:552,59,0,0
BRDA:552,59,1,0
BRDA:570,60,0,0
BRDA:570,60,1,0
BRDA:576,61,0,0
BRDA:576,61,1,0
BRDA:576,62,0,0
BRDA:576,62,1,0
BRDA:601,63,0,0
BRDA:601,63,1,0
BRDA:614,64,0,0
BRDA:614,64,1,0
BRF:171
BRH:0
end_of_record
TN:
SF:src/framework/query/QueryOptimizer.ts
FN:14,(anonymous_0)
FN:29,(anonymous_1)
FN:38,(anonymous_2)
FN:58,(anonymous_3)
FN:69,(anonymous_4)
FN:100,(anonymous_5)
FN:101,(anonymous_6)
FN:104,(anonymous_7)
FN:116,(anonymous_8)
FN:121,(anonymous_9)
FN:131,(anonymous_10)
FN:138,(anonymous_11)
FN:160,(anonymous_12)
FN:172,(anonymous_13)
FN:209,(anonymous_14)
FN:217,(anonymous_15)
FN:239,(anonymous_16)
FN:247,(anonymous_17)
FNF:18
FNH:0
FNDA:0,(anonymous_0)
FNDA:0,(anonymous_1)
FNDA:0,(anonymous_2)
FNDA:0,(anonymous_3)
FNDA:0,(anonymous_4)
FNDA:0,(anonymous_5)
FNDA:0,(anonymous_6)
FNDA:0,(anonymous_7)
FNDA:0,(anonymous_8)
FNDA:0,(anonymous_9)
FNDA:0,(anonymous_10)
FNDA:0,(anonymous_11)
FNDA:0,(anonymous_12)
FNDA:0,(anonymous_13)
FNDA:0,(anonymous_14)
FNDA:0,(anonymous_15)
FNDA:0,(anonymous_16)
FNDA:0,(anonymous_17)
DA:15,0
DA:16,0
DA:17,0
DA:18,0
DA:20,0
DA:21,0
DA:22,0
DA:23,0
DA:24,0
DA:27,0
DA:28,0
DA:29,0
DA:32,0
DA:33,0
DA:35,0
DA:36,0
DA:37,0
DA:38,0
DA:40,0
DA:41,0
DA:43,0
DA:44,0
DA:45,0
DA:46,0
DA:49,0
DA:50,0
DA:51,0
DA:52,0
DA:53,0
DA:57,0
DA:58,0
DA:60,0
DA:61,0
DA:62,0
DA:63,0
DA:64,0
DA:65,0
DA:66,0
DA:67,0
DA:68,0
DA:69,0
DA:71,0
DA:72,0
DA:75,0
DA:76,0
DA:77,0
DA:80,0
DA:81,0
DA:82,0
DA:83,0
DA:88,0
DA:89,0
DA:90,0
DA:93,0
DA:94,0
DA:95,0
DA:99,0
DA:100,0
DA:101,0
DA:103,0
DA:104,0
DA:107,0
DA:117,0
DA:120,0
DA:121,0
DA:122,0
DA:123,0
DA:124,0
DA:126,0
DA:127,0
DA:131,0
DA:132,0
DA:133,0
DA:134,0
DA:140,0
DA:142,0
DA:144,0
DA:149,0
DA:152,0
DA:154,0
DA:156,0
DA:162,0
DA:163,0
DA:164,0
DA:168,0
DA:169,0
DA:173,0
DA:174,0
DA:177,0
DA:178,0
DA:182,0
DA:184,0
DA:185,0
DA:187,0
DA:188,0
DA:190,0
DA:191,0
DA:196,0
DA:197,0
DA:199,0
DA:200,0
DA:202,0
DA:206,0
DA:210,0
DA:211,0
DA:212,0
DA:213,0
DA:216,0
DA:217,0
DA:218,0
DA:219,0
DA:224,0
DA:225,0
DA:226,0
DA:227,0
DA:232,0
DA:233,0
DA:234,0
DA:239,0
DA:240,0
DA:242,0
DA:243,0
DA:247,0
DA:248,0
DA:249,0
DA:252,0
LF:126
LH:0
BRDA:27,0,0,0
BRDA:27,0,1,0
BRDA:29,1,0,0
BRDA:29,1,1,0
BRDA:32,2,0,0
BRDA:32,2,1,0
BRDA:35,3,0,0
BRDA:35,3,1,0
BRDA:57,4,0,0
BRDA:57,4,1,0
BRDA:60,5,0,0
BRDA:60,5,1,0
BRDA:61,6,0,0
BRDA:61,6,1,0
BRDA:66,7,0,0
BRDA:66,7,1,0
BRDA:76,8,0,0
BRDA:76,8,1,0
BRDA:88,9,0,0
BRDA:88,9,1,0
BRDA:88,10,0,0
BRDA:88,10,1,0
BRDA:93,11,0,0
BRDA:93,11,1,0
BRDA:100,12,0,0
BRDA:100,12,1,0
BRDA:100,12,2,0
BRDA:103,13,0,0
BRDA:103,13,1,0
BRDA:123,14,0,0
BRDA:123,14,1,0
BRDA:140,15,0,0
BRDA:140,15,1,0
BRDA:140,15,2,0
BRDA:140,15,3,0
BRDA:140,15,4,0
BRDA:140,15,5,0
BRDA:140,15,6,0
BRDA:140,15,7,0
BRDA:140,15,8,0
BRDA:140,15,9,0
BRDA:144,16,0,0
BRDA:144,16,1,0
BRDA:163,17,0,0
BRDA:163,17,1,0
BRDA:177,18,0,0
BRDA:177,18,1,0
BRDA:185,19,0,0
BRDA:185,19,1,0
BRDA:185,19,2,0
BRDA:185,19,3,0
BRDA:185,19,4,0
BRDA:185,19,5,0
BRDA:185,19,6,0
BRDA:185,19,7,0
BRDA:190,20,0,0
BRDA:190,20,1,0
BRDA:216,21,0,0
BRDA:216,21,1,0
BRDA:217,22,0,0
BRDA:217,22,1,0
BRDA:218,23,0,0
BRDA:218,23,1,0
BRDA:224,24,0,0
BRDA:224,24,1,0
BRDA:226,25,0,0
BRDA:226,25,1,0
BRDA:233,26,0,0
BRDA:233,26,1,0
BRDA:242,27,0,0
BRDA:242,27,1,0
BRDA:248,28,0,0
BRDA:248,28,1,0
BRF:73
BRH:0
end_of_record
TN:
SF:src/framework/relationships/LazyLoader.ts
FN:14,(anonymous_0)
FN:18,(anonymous_1)
FN:28,(anonymous_2)
FN:35,(anonymous_3)
FN:40,(anonymous_4)
FN:48,(anonymous_5)
FN:66,(anonymous_6)
FN:67,(anonymous_7)
FN:73,(anonymous_8)
FN:84,(anonymous_9)
FN:109,(anonymous_10)
FN:113,(anonymous_11)
FN:121,(anonymous_12)
FN:134,(anonymous_13)
FN:177,(anonymous_14)
FN:190,(anonymous_15)
FN:203,(anonymous_16)
FN:211,(anonymous_17)
FN:226,(anonymous_18)
FN:237,(anonymous_19)
FN:243,(anonymous_20)
FN:252,(anonymous_21)
FN:266,(anonymous_22)
FN:285,(anonymous_23)
FN:294,(anonymous_24)
FN:322,(anonymous_25)
FN:336,(anonymous_26)
FN:341,(anonymous_27)
FN:369,(anonymous_28)
FN:373,(anonymous_29)
FN:390,(anonymous_30)
FN:394,(anonymous_31)
FN:398,(anonymous_32)
FN:402,(anonymous_33)
FN:409,(anonymous_34)
FN:425,(anonymous_35)
FN:436,(anonymous_36)
FNF:37
FNH:0
FNDA:0,(anonymous_0)
FNDA:0,(anonymous_1)
FNDA:0,(anonymous_2)
FNDA:0,(anonymous_3)
FNDA:0,(anonymous_4)
FNDA:0,(anonymous_5)
FNDA:0,(anonymous_6)
FNDA:0,(anonymous_7)
FNDA:0,(anonymous_8)
FNDA:0,(anonymous_9)
FNDA:0,(anonymous_10)
FNDA:0,(anonymous_11)
FNDA:0,(anonymous_12)
FNDA:0,(anonymous_13)
FNDA:0,(anonymous_14)
FNDA:0,(anonymous_15)
FNDA:0,(anonymous_16)
FNDA:0,(anonymous_17)
FNDA:0,(anonymous_18)
FNDA:0,(anonymous_19)
FNDA:0,(anonymous_20)
FNDA:0,(anonymous_21)
FNDA:0,(anonymous_22)
FNDA:0,(anonymous_23)
FNDA:0,(anonymous_24)
FNDA:0,(anonymous_25)
FNDA:0,(anonymous_26)
FNDA:0,(anonymous_27)
FNDA:0,(anonymous_28)
FNDA:0,(anonymous_29)
FNDA:0,(anonymous_30)
FNDA:0,(anonymous_31)
FNDA:0,(anonymous_32)
FNDA:0,(anonymous_33)
FNDA:0,(anonymous_34)
FNDA:0,(anonymous_35)
FNDA:0,(anonymous_36)
DA:15,0
DA:24,0
DA:25,0
DA:26,0
DA:28,0
DA:29,0
DA:30,0
DA:33,0
DA:36,0
DA:37,0
DA:38,0
DA:41,0
DA:42,0
DA:45,0
DA:48,0
DA:50,0
DA:53,0
DA:54,0
DA:55,0
DA:58,0
DA:59,0
DA:63,0
DA:66,0
DA:67,0
DA:68,0
DA:70,0
DA:79,0
DA:82,0
DA:83,0
DA:86,0
DA:87,0
DA:89,0
DA:90,0
DA:92,0
DA:93,0
DA:95,0
DA:96,0
DA:98,0
DA:99,0
DA:103,0
DA:104,0
DA:105,0
DA:109,0
DA:110,0
DA:114,0
DA:115,0
DA:116,0
DA:118,0
DA:122,0
DA:123,0
DA:124,0
DA:126,0
DA:132,0
DA:133,0
DA:136,0
DA:137,0
DA:138,0
DA:139,0
DA:141,0
DA:145,0
DA:146,0
DA:148,0
DA:149,0
DA:151,0
DA:152,0
DA:154,0
DA:155,0
DA:157,0
DA:158,0
DA:162,0
DA:177,0
DA:178,0
DA:179,0
DA:184,0
DA:185,0
DA:186,0
DA:187,0
DA:190,0
DA:191,0
DA:195,0
DA:196,0
DA:197,0
DA:200,0
DA:204,0
DA:205,0
DA:206,0
DA:208,0
DA:212,0
DA:213,0
DA:214,0
DA:216,0
DA:222,0
DA:227,0
DA:238,0
DA:239,0
DA:242,0
DA:243,0
DA:246,0
DA:247,0
DA:249,0
DA:250,0
DA:251,0
DA:253,0
DA:257,0
DA:261,0
DA:262,0
DA:267,0
DA:269,0
DA:270,0
DA:271,0
DA:272,0
DA:273,0
DA:274,0
DA:277,0
DA:281,0
DA:290,0
DA:300,0
DA:317,0
DA:318,0
DA:319,0
DA:320,0
DA:329,0
DA:330,0
DA:331,0
DA:332,0
DA:333,0
DA:337,0
DA:339,0
DA:342,0
DA:343,0
DA:344,0
DA:346,0
DA:350,0
DA:357,0
DA:358,0
DA:359,0
DA:361,0
DA:362,0
DA:366,0
DA:370,0
DA:374,0
DA:375,0
DA:378,0
DA:384,0
DA:385,0
DA:387,0
DA:391,0
DA:395,0
DA:399,0
DA:403,0
DA:404,0
DA:406,0
DA:411,0
DA:412,0
DA:413,0
DA:417,0
DA:418,0
DA:419,0
DA:422,0
DA:426,0
DA:427,0
DA:432,0
DA:433,0
DA:437,0
DA:438,0
DA:439,0
LF:166
LH:0
BRDA:22,0,0,0
BRDA:29,1,0,0
BRDA:29,1,1,0
BRDA:58,2,0,0
BRDA:58,2,1,0
BRDA:77,3,0,0
BRDA:82,4,0,0
BRDA:82,4,1,0
BRDA:82,5,0,0
BRDA:82,5,1,0
BRDA:86,6,0,0
BRDA:86,6,1,0
BRDA:89,7,0,0
BRDA:89,7,1,0
BRDA:92,8,0,0
BRDA:92,8,1,0
BRDA:95,9,0,0
BRDA:95,9,1,0
BRDA:98,10,0,0
BRDA:98,10,1,0
BRDA:103,11,0,0
BRDA:103,11,1,0
BRDA:105,12,0,0
BRDA:105,12,1,0
BRDA:114,13,0,0
BRDA:114,13,1,0
BRDA:116,14,0,0
BRDA:116,14,1,0
BRDA:122,15,0,0
BRDA:122,15,1,0
BRDA:124,16,0,0
BRDA:124,16,1,0
BRDA:132,17,0,0
BRDA:132,17,1,0
BRDA:132,18,0,0
BRDA:132,18,1,0
BRDA:136,19,0,0
BRDA:136,19,1,0
BRDA:137,20,0,0
BRDA:137,20,1,0
BRDA:139,21,0,0
BRDA:139,21,1,0
BRDA:145,22,0,0
BRDA:145,22,1,0
BRDA:148,23,0,0
BRDA:148,23,1,0
BRDA:151,24,0,0
BRDA:151,24,1,0
BRDA:154,25,0,0
BRDA:154,25,1,0
BRDA:157,26,0,0
BRDA:157,26,1,0
BRDA:162,27,0,0
BRDA:162,27,1,0
BRDA:163,28,0,0
BRDA:163,28,1,0
BRDA:184,29,0,0
BRDA:184,29,1,0
BRDA:184,30,0,0
BRDA:184,30,1,0
BRDA:185,31,0,0
BRDA:185,31,1,0
BRDA:187,32,0,0
BRDA:187,32,1,0
BRDA:195,33,0,0
BRDA:195,33,1,0
BRDA:197,34,0,0
BRDA:197,34,1,0
BRDA:204,35,0,0
BRDA:204,35,1,0
BRDA:206,36,0,0
BRDA:206,36,1,0
BRDA:212,37,0,0
BRDA:212,37,1,0
BRDA:214,38,0,0
BRDA:214,38,1,0
BRDA:228,39,0,0
BRDA:228,39,1,0
BRDA:228,39,2,0
BRDA:228,39,3,0
BRDA:228,39,4,0
BRDA:238,40,0,0
BRDA:238,40,1,0
BRDA:238,41,0,0
BRDA:238,41,1,0
BRDA:242,42,0,0
BRDA:242,42,1,0
BRDA:250,43,0,0
BRDA:250,43,1,0
BRDA:272,44,0,0
BRDA:272,44,1,0
BRDA:273,45,0,0
BRDA:273,45,1,0
BRDA:298,46,0,0
BRDA:336,47,0,0
BRDA:336,48,0,0
BRDA:343,49,0,0
BRDA:343,49,1,0
BRDA:357,50,0,0
BRDA:357,50,1,0
BRDA:361,51,0,0
BRDA:361,51,1,0
BRDA:369,52,0,0
BRDA:374,53,0,0
BRDA:374,53,1,0
BRDA:403,54,0,0
BRDA:403,54,1,0
BRDA:412,55,0,0
BRDA:412,55,1,0
BRDA:417,56,0,0
BRDA:417,56,1,0
BRDA:426,57,0,0
BRDA:426,57,1,0
BRF:113
BRH:0
end_of_record
TN:
SF:src/framework/relationships/RelationshipCache.ts
FN:26,(anonymous_0)
FN:39,(anonymous_1)
FN:50,(anonymous_2)
FN:73,(anonymous_3)
FN:101,(anonymous_4)
FN:108,(anonymous_5)
FN:124,(anonymous_6)
FN:139,(anonymous_7)
FN:154,(anonymous_8)
FN:165,(anonymous_9)
FN:170,(anonymous_10)
FN:183,(anonymous_11)
FN:188,(anonymous_12)
FN:203,(anonymous_13)
FN:205,(anonymous_14)
FN:210,(anonymous_15)
FN:224,(anonymous_16)
FN:237,(anonymous_17)
FN:268,(anonymous_18)
FN:270,(anonymous_19)
FN:276,(anonymous_20)
FN:286,(anonymous_21)
FN:288,(anonymous_22)
FN:294,(anonymous_23)
FN:303,(anonymous_24)
FN:321,(anonymous_25)
FN:326,(anonymous_26)
FN:335,(anonymous_27)
FNF:28
FNH:0
FNDA:0,(anonymous_0)
FNDA:0,(anonymous_1)
FNDA:0,(anonymous_2)
FNDA:0,(anonymous_3)
FNDA:0,(anonymous_4)
FNDA:0,(anonymous_5)
FNDA:0,(anonymous_6)
FNDA:0,(anonymous_7)
FNDA:0,(anonymous_8)
FNDA:0,(anonymous_9)
FNDA:0,(anonymous_10)
FNDA:0,(anonymous_11)
FNDA:0,(anonymous_12)
FNDA:0,(anonymous_13)
FNDA:0,(anonymous_14)
FNDA:0,(anonymous_15)
FNDA:0,(anonymous_16)
FNDA:0,(anonymous_17)
FNDA:0,(anonymous_18)
FNDA:0,(anonymous_19)
FNDA:0,(anonymous_20)
FNDA:0,(anonymous_21)
FNDA:0,(anonymous_22)
FNDA:0,(anonymous_23)
FNDA:0,(anonymous_24)
FNDA:0,(anonymous_25)
FNDA:0,(anonymous_26)
FNDA:0,(anonymous_27)
DA:21,0
DA:28,0
DA:29,0
DA:30,0
DA:40,0
DA:42,0
DA:43,0
DA:44,0
DA:47,0
DA:51,0
DA:53,0
DA:54,0
DA:55,0
DA:56,0
DA:60,0
DA:61,0
DA:62,0
DA:63,0
DA:64,0
DA:67,0
DA:68,0
DA:70,0
DA:80,0
DA:83,0
DA:84,0
DA:87,0
DA:96,0
DA:97,0
DA:98,0
DA:102,0
DA:103,0
DA:104,0
DA:105,0
DA:109,0
DA:110,0
DA:112,0
DA:113,0
DA:114,0
DA:115,0
DA:119,0
DA:120,0
DA:121,0
DA:125,0
DA:127,0
DA:128,0
DA:129,0
DA:130,0
DA:134,0
DA:135,0
DA:136,0
DA:140,0
DA:142,0
DA:143,0
DA:144,0
DA:145,0
DA:149,0
DA:150,0
DA:151,0
DA:155,0
DA:156,0
DA:166,0
DA:175,0
DA:177,0
DA:179,0
DA:180,0
DA:181,0
DA:184,0
DA:185,0
DA:186,0
DA:189,0
DA:198,0
DA:199,0
DA:204,0
DA:205,0
DA:211,0
DA:212,0
DA:214,0
DA:215,0
DA:216,0
DA:220,0
DA:225,0
DA:227,0
DA:228,0
DA:231,0
DA:232,0
DA:233,0
DA:243,0
DA:244,0
DA:245,0
DA:246,0
DA:247,0
DA:249,0
DA:250,0
DA:251,0
DA:253,0
DA:254,0
DA:256,0
DA:257,0
DA:260,0
DA:269,0
DA:270,0
DA:272,0
DA:277,0
DA:278,0
DA:283,0
DA:287,0
DA:288,0
DA:290,0
DA:295,0
DA:298,0
DA:300,0
DA:304,0
DA:306,0
DA:307,0
DA:309,0
DA:310,0
DA:311,0
DA:312,0
DA:316,0
DA:317,0
DA:322,0
DA:323,0
DA:328,0
DA:329,0
DA:330,0
DA:332,0
DA:336,0
DA:337,0
DA:339,0
DA:340,0
DA:341,0
DA:342,0
DA:345,0
LF:133
LH:0
BRDA:26,0,0,0
BRDA:26,1,0,0
BRDA:42,2,0,0
BRDA:42,2,1,0
BRDA:53,3,0,0
BRDA:53,3,1,0
BRDA:60,4,0,0
BRDA:60,4,1,0
BRDA:80,5,0,0
BRDA:80,5,1,0
BRDA:83,6,0,0
BRDA:83,6,1,0
BRDA:113,7,0,0
BRDA:113,7,1,0
BRDA:128,8,0,0
BRDA:128,8,1,0
BRDA:128,9,0,0
BRDA:128,9,1,0
BRDA:143,10,0,0
BRDA:143,10,1,0
BRDA:185,11,0,0
BRDA:185,11,1,0
BRDA:215,12,0,0
BRDA:215,12,1,0
BRDA:253,13,0,0
BRDA:253,13,1,0
BRDA:254,14,0,0
BRDA:254,14,1,0
BRDA:256,15,0,0
BRDA:256,15,1,0
BRDA:261,16,0,0
BRDA:261,16,1,0
BRDA:263,17,0,0
BRDA:263,17,1,0
BRDA:269,18,0,0
BRDA:269,18,1,0
BRDA:277,19,0,0
BRDA:277,19,1,0
BRDA:277,20,0,0
BRDA:277,20,1,0
BRDA:287,21,0,0
BRDA:287,21,1,0
BRDA:295,22,0,0
BRDA:295,22,1,0
BRDA:295,23,0,0
BRDA:295,23,1,0
BRDA:295,23,2,0
BRDA:304,24,0,0
BRDA:304,24,1,0
BRDA:310,25,0,0
BRDA:310,25,1,0
BRDA:316,26,0,0
BRDA:316,26,1,0
BRDA:323,27,0,0
BRDA:323,27,1,0
BRDA:337,28,0,0
BRDA:337,28,1,0
BRF:57
BRH:0
end_of_record
TN:
SF:src/framework/relationships/RelationshipManager.ts
FN:24,(anonymous_0)
FN:29,(anonymous_1)
FN:94,(anonymous_2)
FN:117,(anonymous_3)
FN:152,(anonymous_4)
FN:169,(anonymous_5)
FN:200,(anonymous_6)
FN:223,(anonymous_7)
FN:249,(anonymous_8)
FN:287,(anonymous_9)
FN:295,(anonymous_10)
FN:296,(anonymous_11)
FN:300,(anonymous_12)
FN:320,(anonymous_13)
FN:323,(anonymous_14)
FN:337,(anonymous_15)
FN:349,(anonymous_16)
FN:350,(anonymous_17)
FN:353,(anonymous_18)
FN:374,(anonymous_19)
FN:384,(anonymous_20)
FN:392,(anonymous_21)
FN:406,(anonymous_22)
FN:419,(anonymous_23)
FN:426,(anonymous_24)
FN:438,(anonymous_25)
FN:439,(anonymous_26)
FN:442,(anonymous_27)
FN:454,(anonymous_28)
FN:462,(anonymous_29)
FN:471,(anonymous_30)
FN:489,(anonymous_31)
FN:492,(anonymous_32)
FN:497,(anonymous_33)
FN:501,(anonymous_34)
FN:519,(anonymous_35)
FN:522,(anonymous_36)
FN:534,(anonymous_37)
FN:543,(anonymous_38)
FN:547,(anonymous_39)
FN:555,(anonymous_40)
FN:556,(anonymous_41)
FN:562,(anonymous_42)
FN:566,(anonymous_43)
FNF:44
FNH:0
FNDA:0,(anonymous_0)
FNDA:0,(anonymous_1)
FNDA:0,(anonymous_2)
FNDA:0,(anonymous_3)
FNDA:0,(anonymous_4)
FNDA:0,(anonymous_5)
FNDA:0,(anonymous_6)
FNDA:0,(anonymous_7)
FNDA:0,(anonymous_8)
FNDA:0,(anonymous_9)
FNDA:0,(anonymous_10)
FNDA:0,(anonymous_11)
FNDA:0,(anonymous_12)
FNDA:0,(anonymous_13)
FNDA:0,(anonymous_14)
FNDA:0,(anonymous_15)
FNDA:0,(anonymous_16)
FNDA:0,(anonymous_17)
FNDA:0,(anonymous_18)
FNDA:0,(anonymous_19)
FNDA:0,(anonymous_20)
FNDA:0,(anonymous_21)
FNDA:0,(anonymous_22)
FNDA:0,(anonymous_23)
FNDA:0,(anonymous_24)
FNDA:0,(anonymous_25)
FNDA:0,(anonymous_26)
FNDA:0,(anonymous_27)
FNDA:0,(anonymous_28)
FNDA:0,(anonymous_29)
FNDA:0,(anonymous_30)
FNDA:0,(anonymous_31)
FNDA:0,(anonymous_32)
FNDA:0,(anonymous_33)
FNDA:0,(anonymous_34)
FNDA:0,(anonymous_35)
FNDA:0,(anonymous_36)
FNDA:0,(anonymous_37)
FNDA:0,(anonymous_38)
FNDA:0,(anonymous_39)
FNDA:0,(anonymous_40)
FNDA:0,(anonymous_41)
FNDA:0,(anonymous_42)
FNDA:0,(anonymous_43)
DA:25,0
DA:26,0
DA:34,0
DA:35,0
DA:37,0
DA:38,0
DA:41,0
DA:46,0
DA:47,0
DA:48,0
DA:49,0
DA:50,0
DA:51,0
DA:52,0
DA:58,0
DA:60,0
DA:61,0
DA:63,0
DA:64,0
DA:66,0
DA:67,0
DA:69,0
DA:70,0
DA:72,0
DA:76,0
DA:77,0
DA:78,0
DA:82,0
DA:86,0
DA:88,0
DA:91,0
DA:99,0
DA:101,0
DA:102,0
DA:106,0
DA:109,0
DA:110,0
DA:113,0
DA:114,0
DA:122,0
DA:123,0
DA:126,0
DA:128,0
DA:129,0
DA:133,0
DA:136,0
DA:137,0
DA:141,0
DA:142,0
DA:145,0
DA:146,0
DA:149,0
DA:157,0
DA:166,0
DA:174,0
DA:175,0
DA:178,0
DA:180,0
DA:181,0
DA:185,0
DA:188,0
DA:193,0
DA:195,0
DA:196,0
DA:200,0
DA:203,0
DA:206,0
DA:207,0
DA:211,0
DA:212,0
DA:215,0
DA:216,0
DA:219,0
DA:228,0
DA:230,0
DA:235,0
DA:238,0
DA:239,0
DA:246,0
DA:254,0
DA:255,0
DA:257,0
DA:258,0
DA:259,0
DA:261,0
DA:262,0
DA:263,0
DA:266,0
DA:270,0
DA:272,0
DA:273,0
DA:275,0
DA:276,0
DA:278,0
DA:279,0
DA:281,0
DA:282,0
DA:294,0
DA:295,0
DA:296,0
DA:298,0
DA:300,0
DA:301,0
DA:303,0
DA:307,0
DA:310,0
DA:312,0
DA:313,0
DA:316,0
DA:319,0
DA:320,0
DA:323,0
DA:324,0
DA:325,0
DA:326,0
DA:329,0
DA:330,0
DA:331,0
DA:332,0
DA:343,0
DA:344,0
DA:348,0
DA:349,0
DA:350,0
DA:352,0
DA:353,0
DA:354,0
DA:356,0
DA:360,0
DA:362,0
DA:363,0
DA:366,0
DA:367,0
DA:370,0
DA:373,0
DA:374,0
DA:375,0
DA:376,0
DA:377,0
DA:379,0
DA:383,0
DA:384,0
DA:385,0
DA:386,0
DA:392,0
DA:393,0
DA:394,0
DA:395,0
DA:398,0
DA:399,0
DA:400,0
DA:401,0
DA:413,0
DA:419,0
DA:420,0
DA:421,0
DA:422,0
DA:432,0
DA:433,0
DA:437,0
DA:438,0
DA:439,0
DA:441,0
DA:442,0
DA:443,0
DA:445,0
DA:449,0
DA:453,0
DA:454,0
DA:455,0
DA:457,0
DA:461,0
DA:462,0
DA:463,0
DA:464,0
DA:465,0
DA:467,0
DA:471,0
DA:472,0
DA:475,0
DA:477,0
DA:478,0
DA:481,0
DA:482,0
DA:485,0
DA:488,0
DA:489,0
DA:492,0
DA:493,0
DA:494,0
DA:496,0
DA:498,0
DA:499,0
DA:501,0
DA:504,0
DA:508,0
DA:511,0
DA:512,0
DA:513,0
DA:514,0
DA:520,0
DA:522,0
DA:523,0
DA:524,0
DA:525,0
DA:527,0
DA:530,0
DA:535,0
DA:536,0
DA:537,0
DA:539,0
DA:544,0
DA:548,0
DA:556,0
DA:557,0
DA:563,0
DA:567,0
LF:217
LH:0
BRDA:32,0,0,0
BRDA:37,1,0,0
BRDA:37,1,1,0
BRDA:46,2,0,0
BRDA:46,2,1,0
BRDA:49,3,0,0
BRDA:49,3,1,0
BRDA:58,4,0,0
BRDA:58,4,1,0
BRDA:58,4,2,0
BRDA:58,4,3,0
BRDA:58,4,4,0
BRDA:76,5,0,0
BRDA:76,5,1,0
BRDA:76,6,0,0
BRDA:76,6,1,0
BRDA:78,7,0,0
BRDA:78,7,1,0
BRDA:79,8,0,0
BRDA:79,8,1,0
BRDA:80,9,0,0
BRDA:80,9,1,0
BRDA:89,10,0,0
BRDA:89,10,1,0
BRDA:101,11,0,0
BRDA:101,11,1,0
BRDA:109,12,0,0
BRDA:109,12,1,0
BRDA:122,13,0,0
BRDA:122,13,1,0
BRDA:126,14,0,0
BRDA:126,14,1,0
BRDA:128,15,0,0
BRDA:128,15,1,0
BRDA:136,16,0,0
BRDA:136,16,1,0
BRDA:141,17,0,0
BRDA:141,17,1,0
BRDA:145,18,0,0
BRDA:145,18,1,0
BRDA:166,19,0,0
BRDA:166,19,1,0
BRDA:174,20,0,0
BRDA:174,20,1,0
BRDA:178,21,0,0
BRDA:178,21,1,0
BRDA:180,22,0,0
BRDA:180,22,1,0
BRDA:185,23,0,0
BRDA:185,23,1,0
BRDA:188,24,0,0
BRDA:188,24,1,0
BRDA:195,25,0,0
BRDA:195,25,1,0
BRDA:206,26,0,0
BRDA:206,26,1,0
BRDA:211,27,0,0
BRDA:211,27,1,0
BRDA:215,28,0,0
BRDA:215,28,1,0
BRDA:226,29,0,0
BRDA:228,30,0,0
BRDA:228,30,1,0
BRDA:242,31,0,0
BRDA:242,31,1,0
BRDA:255,32,0,0
BRDA:255,32,1,0
BRDA:261,33,0,0
BRDA:261,33,1,0
BRDA:270,34,0,0
BRDA:270,34,1,0
BRDA:270,34,2,0
BRDA:270,34,3,0
BRDA:298,35,0,0
BRDA:298,35,1,0
BRDA:312,36,0,0
BRDA:312,36,1,0
BRDA:325,37,0,0
BRDA:325,37,1,0
BRDA:329,38,0,0
BRDA:329,38,1,0
BRDA:331,39,0,0
BRDA:331,39,1,0
BRDA:343,40,0,0
BRDA:343,40,1,0
BRDA:349,41,0,0
BRDA:349,41,1,0
BRDA:352,42,0,0
BRDA:352,42,1,0
BRDA:362,43,0,0
BRDA:362,43,1,0
BRDA:366,44,0,0
BRDA:366,44,1,0
BRDA:376,45,0,0
BRDA:376,45,1,0
BRDA:383,46,0,0
BRDA:383,46,1,0
BRDA:385,47,0,0
BRDA:385,47,1,0
BRDA:393,48,0,0
BRDA:393,48,1,0
BRDA:394,49,0,0
BRDA:394,49,1,0
BRDA:398,50,0,0
BRDA:398,50,1,0
BRDA:400,51,0,0
BRDA:400,51,1,0
BRDA:420,52,0,0
BRDA:420,52,1,0
BRDA:421,53,0,0
BRDA:421,53,1,0
BRDA:432,54,0,0
BRDA:432,54,1,0
BRDA:438,55,0,0
BRDA:438,55,1,0
BRDA:441,56,0,0
BRDA:441,56,1,0
BRDA:450,57,0,0
BRDA:450,57,1,0
BRDA:453,58,0,0
BRDA:453,58,1,0
BRDA:463,59,0,0
BRDA:463,59,1,0
BRDA:464,60,0,0
BRDA:464,60,1,0
BRDA:477,61,0,0
BRDA:477,61,1,0
BRDA:481,62,0,0
BRDA:481,62,1,0
BRDA:493,63,0,0
BRDA:493,63,1,0
BRDA:494,64,0,0
BRDA:494,64,1,0
BRDA:504,65,0,0
BRDA:504,65,1,0
BRDA:511,66,0,0
BRDA:511,66,1,0
BRDA:513,67,0,0
BRDA:513,67,1,0
BRDA:524,68,0,0
BRDA:524,68,1,0
BRDA:535,69,0,0
BRDA:535,69,1,0
BRDA:537,70,0,0
BRDA:537,70,1,0
BRF:145
BRH:0
end_of_record
TN:
SF:src/framework/services/OrbitDBService.ts
FN:25,(anonymous_0)
FN:29,(anonymous_1)
FN:33,(anonymous_2)
FN:37,(anonymous_3)
FN:43,(anonymous_4)
FN:51,(anonymous_5)
FN:55,(anonymous_6)
FN:59,(anonymous_7)
FN:65,(anonymous_8)
FN:69,(anonymous_9)
FN:73,(anonymous_10)
FN:89,(anonymous_11)
FN:95,(anonymous_12)
FNF:13
FNH:0
FNDA:0,(anonymous_0)
FNDA:0,(anonymous_1)
FNDA:0,(anonymous_2)
FNDA:0,(anonymous_3)
FNDA:0,(anonymous_4)
FNDA:0,(anonymous_5)
FNDA:0,(anonymous_6)
FNDA:0,(anonymous_7)
FNDA:0,(anonymous_8)
FNDA:0,(anonymous_9)
FNDA:0,(anonymous_10)
FNDA:0,(anonymous_11)
FNDA:0,(anonymous_12)
DA:26,0
DA:30,0
DA:34,0
DA:38,0
DA:39,0
DA:44,0
DA:52,0
DA:56,0
DA:60,0
DA:61,0
DA:66,0
DA:70,0
DA:74,0
DA:75,0
DA:76,0
DA:79,0
DA:80,0
DA:82,0
DA:83,0
DA:86,0
DA:92,0
DA:96,0
LF:22
LH:0
BRDA:38,0,0,0
BRDA:38,0,1,0
BRDA:60,1,0,0
BRDA:60,1,1,0
BRDA:75,2,0,0
BRDA:75,2,1,0
BRF:6
BRH:0
end_of_record
TN:
SF:src/framework/sharding/ShardManager.ts
FN:16,(anonymous_0)
FN:20,(anonymous_1)
FN:52,(anonymous_2)
FN:67,(anonymous_3)
FN:71,(anonymous_4)
FN:79,(anonymous_5)
FN:84,(anonymous_6)
FN:104,(anonymous_7)
FN:113,(anonymous_8)
FN:125,(anonymous_9)
FN:130,(anonymous_10)
FN:150,(anonymous_11)
FN:181,(anonymous_12)
FN:200,(anonymous_13)
FN:218,(anonymous_14)
FN:237,(anonymous_15)
FN:249,(anonymous_16)
FN:269,(anonymous_17)
FN:278,(anonymous_18)
FN:286,(anonymous_19)
FN:291,(anonymous_20)
FNF:21
FNH:0
FNDA:0,(anonymous_0)
FNDA:0,(anonymous_1)
FNDA:0,(anonymous_2)
FNDA:0,(anonymous_3)
FNDA:0,(anonymous_4)
FNDA:0,(anonymous_5)
FNDA:0,(anonymous_6)
FNDA:0,(anonymous_7)
FNDA:0,(anonymous_8)
FNDA:0,(anonymous_9)
FNDA:0,(anonymous_10)
FNDA:0,(anonymous_11)
FNDA:0,(anonymous_12)
FNDA:0,(anonymous_13)
FNDA:0,(anonymous_14)
FNDA:0,(anonymous_15)
FNDA:0,(anonymous_16)
FNDA:0,(anonymous_17)
FNDA:0,(anonymous_18)
FNDA:0,(anonymous_19)
FNDA:0,(anonymous_20)
DA:13,0
DA:14,0
DA:17,0
DA:25,0
DA:26,0
DA:29,0
DA:31,0
DA:32,0
DA:34,0
DA:35,0
DA:37,0
DA:38,0
DA:39,0
DA:41,0
DA:43,0
DA:44,0
DA:48,0
DA:49,0
DA:53,0
DA:54,0
DA:55,0
DA:58,0
DA:59,0
DA:60,0
DA:63,0
DA:64,0
DA:68,0
DA:72,0
DA:73,0
DA:74,0
DA:76,0
DA:80,0
DA:81,0
DA:89,0
DA:91,0
DA:94,0
DA:97,0
DA:100,0
DA:106,0
DA:107,0
DA:108,0
DA:110,0
DA:115,0
DA:116,0
DA:119,0
DA:120,0
DA:122,0
DA:127,0
DA:135,0
DA:136,0
DA:139,0
DA:141,0
DA:151,0
DA:152,0
DA:155,0
DA:158,0
DA:159,0
DA:161,0
DA:162,0
DA:164,0
DA:165,0
DA:166,0
DA:168,0
DA:170,0
DA:171,0
DA:176,0
DA:178,0
DA:182,0
DA:183,0
DA:184,0
DA:188,0
DA:189,0
DA:191,0
DA:193,0
DA:195,0
DA:196,0
DA:201,0
DA:202,0
DA:203,0
DA:207,0
DA:208,0
DA:210,0
DA:211,0
DA:213,0
DA:214,0
DA:219,0
DA:220,0
DA:221,0
DA:225,0
DA:226,0
DA:228,0
DA:229,0
DA:231,0
DA:232,0
DA:241,0
DA:242,0
DA:243,0
DA:246,0
DA:249,0
DA:250,0
DA:251,0
DA:253,0
DA:254,0
DA:258,0
DA:261,0
DA:262,0
DA:265,0
DA:270,0
DA:271,0
DA:272,0
DA:275,0
DA:278,0
DA:287,0
DA:292,0
DA:294,0
DA:295,0
DA:297,0
LF:117
LH:0
BRDA:23,0,0,0
BRDA:25,1,0,0
BRDA:25,1,1,0
BRDA:54,2,0,0
BRDA:54,2,1,0
BRDA:54,3,0,0
BRDA:54,3,1,0
BRDA:59,4,0,0
BRDA:59,4,1,0
BRDA:68,5,0,0
BRDA:68,5,1,0
BRDA:73,6,0,0
BRDA:73,6,1,0
BRDA:73,7,0,0
BRDA:73,7,1,0
BRDA:73,7,2,0
BRDA:81,8,0,0
BRDA:81,8,1,0
BRDA:89,9,0,0
BRDA:89,9,1,0
BRDA:89,9,2,0
BRDA:89,9,3,0
BRDA:135,10,0,0
BRDA:135,10,1,0
BRDA:151,11,0,0
BRDA:151,11,1,0
BRDA:183,12,0,0
BRDA:183,12,1,0
BRDA:202,13,0,0
BRDA:202,13,1,0
BRDA:220,14,0,0
BRDA:220,14,1,0
BRDA:242,15,0,0
BRDA:242,15,1,0
BRDA:271,16,0,0
BRDA:271,16,1,0
BRF:36
BRH:0
end_of_record
TN:
SF:src/framework/types/models.ts
FN:40,(anonymous_0)
FNF:1
FNH:0
FNDA:0,(anonymous_0)
DA:41,0
DA:42,0
DA:43,0
LF:3
LH:0
BRF:0
BRH:0
end_of_record
